state	tree1	tree2	MatchingSplit
1	0	1	40.0
2	0	2	43.0
3	0	3	41.0
4	0	4	41.0
5	0	5	41.0
6	0	6	45.0
7	0	7	41.0
8	0	8	43.0
9	0	9	41.0
10	0	10	40.0
11	0	11	43.0
12	0	12	43.0
13	0	13	41.0
14	0	14	40.0
15	0	15	43.0
16	0	16	41.0
17	0	17	43.0
18	0	18	41.0
19	0	19	39.0
20	0	20	39.0
21	0	21	40.0
22	0	22	40.0
23	0	23	41.0
24	0	24	41.0
25	0	25	40.0
26	0	26	37.0
27	0	27	40.0
28	0	28	37.0
29	0	29	40.0
30	0	30	40.0
31	0	31	40.0
32	0	32	40.0
33	0	33	40.0
34	0	34	40.0
35	0	35	43.0
36	0	36	43.0
37	0	37	40.0
38	0	38	41.0
39	0	39	41.0
40	0	40	37.0
41	0	41	41.0
42	0	42	41.0
43	0	43	41.0
44	0	44	41.0
45	0	45	41.0
46	0	46	41.0
47	0	47	40.0
48	0	48	40.0
49	0	49	41.0
50	0	50	40.0
51	0	51	40.0
52	0	52	41.0
53	0	53	40.0
54	0	54	37.0
55	0	55	37.0
56	0	56	40.0
57	0	57	40.0
58	0	58	40.0
59	0	59	40.0
60	0	60	40.0
61	0	61	40.0
62	0	62	40.0
63	0	63	41.0
64	0	64	40.0
65	0	65	41.0
66	0	66	40.0
67	0	67	40.0
68	0	68	40.0
69	0	69	40.0
70	0	70	40.0
71	0	71	41.0
72	0	72	40.0
73	0	73	41.0
74	0	74	41.0
75	0	75	40.0
76	0	76	40.0
77	0	77	40.0
78	0	78	40.0
79	0	79	40.0
80	0	80	41.0
81	0	81	40.0
82	0	82	41.0
83	0	83	41.0
84	0	84	40.0
85	0	85	40.0
86	0	86	40.0
87	0	87	40.0
88	0	88	41.0
89	0	89	40.0
90	0	90	40.0
91	0	91	40.0
92	0	92	40.0
93	0	93	40.0
94	0	94	40.0
95	0	95	40.0
96	0	96	40.0
97	0	97	41.0
98	0	98	43.0
99	0	99	43.0
100	1	2	21.0
101	1	3	23.0
102	1	4	22.0
103	1	5	22.0
104	1	6	22.0
105	1	7	25.0
106	1	8	21.0
107	1	9	25.0
108	1	10	26.0
109	1	11	24.0
110	1	12	24.0
111	1	13	25.0
112	1	14	26.0
113	1	15	24.0
114	1	16	26.0
115	1	17	24.0
116	1	18	25.0
117	1	19	23.0
118	1	20	23.0
119	1	21	27.0
120	1	22	27.0
121	1	23	25.0
122	1	24	22.0
123	1	25	26.0
124	1	26	24.0
125	1	27	26.0
126	1	28	24.0
127	1	29	26.0
128	1	30	26.0
129	1	31	26.0
130	1	32	26.0
131	1	33	26.0
132	1	34	26.0
133	1	35	24.0
134	1	36	24.0
135	1	37	26.0
136	1	38	22.0
137	1	39	25.0
138	1	40	25.0
139	1	41	25.0
140	1	42	25.0
141	1	43	25.0
142	1	44	24.0
143	1	45	24.0
144	1	46	24.0
145	1	47	26.0
146	1	48	26.0
147	1	49	24.0
148	1	50	26.0
149	1	51	26.0
150	1	52	25.0
151	1	53	26.0
152	1	54	24.0
153	1	55	24.0
154	1	56	26.0
155	1	57	26.0
156	1	58	26.0
157	1	59	26.0
158	1	60	26.0
159	1	61	26.0
160	1	62	26.0
161	1	63	24.0
162	1	64	26.0
163	1	65	25.0
164	1	66	26.0
165	1	67	26.0
166	1	68	26.0
167	1	69	26.0
168	1	70	26.0
169	1	71	25.0
170	1	72	26.0
171	1	73	25.0
172	1	74	25.0
173	1	75	26.0
174	1	76	26.0
175	1	77	26.0
176	1	78	26.0
177	1	79	26.0
178	1	80	24.0
179	1	81	26.0
180	1	82	25.0
181	1	83	25.0
182	1	84	26.0
183	1	85	26.0
184	1	86	26.0
185	1	87	26.0
186	1	88	25.0
187	1	89	26.0
188	1	90	26.0
189	1	91	26.0
190	1	92	26.0
191	1	93	26.0
192	1	94	26.0
193	1	95	26.0
194	1	96	26.0
195	1	97	25.0
196	1	98	24.0
197	1	99	24.0
198	2	3	2.0
199	2	4	9.0
200	2	5	9.0
201	2	6	5.0
202	2	7	4.0
203	2	8	0.0
204	2	9	4.0
205	2	10	7.0
206	2	11	7.0
207	2	12	7.0
208	2	13	8.0
209	2	14	7.0
210	2	15	7.0
211	2	16	6.0
212	2	17	7.0
213	2	18	4.0
214	2	19	16.0
215	2	20	16.0
216	2	21	9.0
217	2	22	9.0
218	2	23	4.0
219	2	24	11.0
220	2	25	7.0
221	2	26	11.0
222	2	27	7.0
223	2	28	11.0
224	2	29	7.0
225	2	30	7.0
226	2	31	7.0
227	2	32	7.0
228	2	33	7.0
229	2	34	7.0
230	2	35	7.0
231	2	36	7.0
232	2	37	7.0
233	2	38	11.0
234	2	39	4.0
235	2	40	13.0
236	2	41	4.0
237	2	42	4.0
238	2	43	4.0
239	2	44	11.0
240	2	45	11.0
241	2	46	11.0
242	2	47	7.0
243	2	48	7.0
244	2	49	11.0
245	2	50	7.0
246	2	51	7.0
247	2	52	4.0
248	2	53	7.0
249	2	54	11.0
250	2	55	11.0
251	2	56	7.0
252	2	57	7.0
253	2	58	7.0
254	2	59	7.0
255	2	60	7.0
256	2	61	7.0
257	2	62	7.0
258	2	63	11.0
259	2	64	7.0
260	2	65	4.0
261	2	66	7.0
262	2	67	7.0
263	2	68	7.0
264	2	69	7.0
265	2	70	7.0
266	2	71	4.0
267	2	72	7.0
268	2	73	4.0
269	2	74	4.0
270	2	75	7.0
271	2	76	7.0
272	2	77	7.0
273	2	78	7.0
274	2	79	7.0
275	2	80	11.0
276	2	81	7.0
277	2	82	4.0
278	2	83	4.0
279	2	84	7.0
280	2	85	7.0
281	2	86	7.0
282	2	87	7.0
283	2	88	4.0
284	2	89	7.0
285	2	90	7.0
286	2	91	7.0
287	2	92	7.0
288	2	93	7.0
289	2	94	7.0
290	2	95	7.0
291	2	96	7.0
292	2	97	4.0
293	2	98	7.0
294	2	99	7.0
295	3	4	7.0
296	3	5	7.0
297	3	6	7.0
298	3	7	2.0
299	3	8	2.0
300	3	9	4.0
301	3	10	7.0
302	3	11	7.0
303	3	12	7.0
304	3	13	8.0
305	3	14	7.0
306	3	15	7.0
307	3	16	6.0
308	3	17	7.0
309	3	18	4.0
310	3	19	16.0
311	3	20	16.0
312	3	21	9.0
313	3	22	9.0
314	3	23	4.0
315	3	24	11.0
316	3	25	7.0
317	3	26	11.0
318	3	27	7.0
319	3	28	11.0
320	3	29	7.0
321	3	30	7.0
322	3	31	7.0
323	3	32	7.0
324	3	33	7.0
325	3	34	7.0
326	3	35	7.0
327	3	36	7.0
328	3	37	7.0
329	3	38	11.0
330	3	39	4.0
331	3	40	13.0
332	3	41	4.0
333	3	42	4.0
334	3	43	4.0
335	3	44	11.0
336	3	45	11.0
337	3	46	11.0
338	3	47	7.0
339	3	48	7.0
340	3	49	11.0
341	3	50	7.0
342	3	51	7.0
343	3	52	4.0
344	3	53	7.0
345	3	54	11.0
346	3	55	11.0
347	3	56	7.0
348	3	57	7.0
349	3	58	7.0
350	3	59	7.0
351	3	60	7.0
352	3	61	7.0
353	3	62	7.0
354	3	63	11.0
355	3	64	7.0
356	3	65	4.0
357	3	66	7.0
358	3	67	7.0
359	3	68	7.0
360	3	69	7.0
361	3	70	7.0
362	3	71	4.0
363	3	72	7.0
364	3	73	4.0
365	3	74	4.0
366	3	75	7.0
367	3	76	7.0
368	3	77	7.0
369	3	78	7.0
370	3	79	7.0
371	3	80	11.0
372	3	81	7.0
373	3	82	4.0
374	3	83	4.0
375	3	84	7.0
376	3	85	7.0
377	3	86	7.0
378	3	87	7.0
379	3	88	4.0
380	3	89	7.0
381	3	90	7.0
382	3	91	7.0
383	3	92	7.0
384	3	93	7.0
385	3	94	7.0
386	3	95	7.0
387	3	96	7.0
388	3	97	4.0
389	3	98	7.0
390	3	99	7.0
391	4	5	0.0
392	4	6	12.0
393	4	7	9.0
394	4	8	9.0
395	4	9	7.0
396	4	10	8.0
397	4	11	10.0
398	4	12	10.0
399	4	13	9.0
400	4	14	8.0
401	4	15	10.0
402	4	16	9.0
403	4	17	10.0
404	4	18	7.0
405	4	19	12.0
406	4	20	12.0
407	4	21	10.0
408	4	22	10.0
409	4	23	7.0
410	4	24	8.0
411	4	25	8.0
412	4	26	8.0
413	4	27	8.0
414	4	28	8.0
415	4	29	8.0
416	4	30	8.0
417	4	31	8.0
418	4	32	8.0
419	4	33	8.0
420	4	34	8.0
421	4	35	10.0
422	4	36	10.0
423	4	37	8.0
424	4	38	8.0
425	4	39	7.0
426	4	40	10.0
427	4	41	7.0
428	4	42	7.0
429	4	43	7.0
430	4	44	4.0
431	4	45	4.0
432	4	46	4.0
433	4	47	8.0
434	4	48	8.0
435	4	49	4.0
436	4	50	8.0
437	4	51	8.0
438	4	52	7.0
439	4	53	8.0
440	4	54	8.0
441	4	55	8.0
442	4	56	8.0
443	4	57	8.0
444	4	58	8.0
445	4	59	8.0
446	4	60	8.0
447	4	61	8.0
448	4	62	8.0
449	4	63	4.0
450	4	64	8.0
451	4	65	7.0
452	4	66	8.0
453	4	67	8.0
454	4	68	8.0
455	4	69	8.0
456	4	70	8.0
457	4	71	7.0
458	4	72	8.0
459	4	73	7.0
460	4	74	7.0
461	4	75	8.0
462	4	76	8.0
463	4	77	8.0
464	4	78	8.0
465	4	79	8.0
466	4	80	4.0
467	4	81	8.0
468	4	82	7.0
469	4	83	7.0
470	4	84	8.0
471	4	85	8.0
472	4	86	8.0
473	4	87	8.0
474	4	88	7.0
475	4	89	8.0
476	4	90	8.0
477	4	91	8.0
478	4	92	8.0
479	4	93	8.0
480	4	94	8.0
481	4	95	8.0
482	4	96	8.0
483	4	97	7.0
484	4	98	10.0
485	4	99	10.0
486	5	6	12.0
487	5	7	9.0
488	5	8	9.0
489	5	9	7.0
490	5	10	8.0
491	5	11	10.0
492	5	12	10.0
493	5	13	9.0
494	5	14	8.0
495	5	15	10.0
496	5	16	9.0
497	5	17	10.0
498	5	18	7.0
499	5	19	12.0
500	5	20	12.0
501	5	21	10.0
502	5	22	10.0
503	5	23	7.0
504	5	24	8.0
505	5	25	8.0
506	5	26	8.0
507	5	27	8.0
508	5	28	8.0
509	5	29	8.0
510	5	30	8.0
511	5	31	8.0
512	5	32	8.0
513	5	33	8.0
514	5	34	8.0
515	5	35	10.0
516	5	36	10.0
517	5	37	8.0
518	5	38	8.0
519	5	39	7.0
520	5	40	10.0
521	5	41	7.0
522	5	42	7.0
523	5	43	7.0
524	5	44	4.0
525	5	45	4.0
526	5	46	4.0
527	5	47	8.0
528	5	48	8.0
529	5	49	4.0
530	5	50	8.0
531	5	51	8.0
532	5	52	7.0
533	5	53	8.0
534	5	54	8.0
535	5	55	8.0
536	5	56	8.0
537	5	57	8.0
538	5	58	8.0
539	5	59	8.0
540	5	60	8.0
541	5	61	8.0
542	5	62	8.0
543	5	63	4.0
544	5	64	8.0
545	5	65	7.0
546	5	66	8.0
547	5	67	8.0
548	5	68	8.0
549	5	69	8.0
550	5	70	8.0
551	5	71	7.0
552	5	72	8.0
553	5	73	7.0
554	5	74	7.0
555	5	75	8.0
556	5	76	8.0
557	5	77	8.0
558	5	78	8.0
559	5	79	8.0
560	5	80	4.0
561	5	81	8.0
562	5	82	7.0
563	5	83	7.0
564	5	84	8.0
565	5	85	8.0
566	5	86	8.0
567	5	87	8.0
568	5	88	7.0
569	5	89	8.0
570	5	90	8.0
571	5	91	8.0
572	5	92	8.0
573	5	93	8.0
574	5	94	8.0
575	5	95	8.0
576	5	96	8.0
577	5	97	7.0
578	5	98	10.0
579	5	99	10.0
580	6	7	5.0
581	6	8	5.0
582	6	9	9.0
583	6	10	12.0
584	6	11	6.0
585	6	12	6.0
586	6	13	11.0
587	6	14	12.0
588	6	15	6.0
589	6	16	11.0
590	6	17	6.0
591	6	18	9.0
592	6	19	17.0
593	6	20	17.0
594	6	21	14.0
595	6	22	14.0
596	6	23	9.0
597	6	24	12.0
598	6	25	12.0
599	6	26	14.0
600	6	27	12.0
601	6	28	14.0
602	6	29	12.0
603	6	30	12.0
604	6	31	12.0
605	6	32	12.0
606	6	33	12.0
607	6	34	12.0
608	6	35	6.0
609	6	36	6.0
610	6	37	12.0
611	6	38	12.0
612	6	39	9.0
613	6	40	16.0
614	6	41	9.0
615	6	42	9.0
616	6	43	9.0
617	6	44	14.0
618	6	45	14.0
619	6	46	14.0
620	6	47	12.0
621	6	48	12.0
622	6	49	14.0
623	6	50	12.0
624	6	51	12.0
625	6	52	9.0
626	6	53	12.0
627	6	54	14.0
628	6	55	14.0
629	6	56	12.0
630	6	57	12.0
631	6	58	12.0
632	6	59	12.0
633	6	60	12.0
634	6	61	12.0
635	6	62	12.0
636	6	63	14.0
637	6	64	12.0
638	6	65	9.0
639	6	66	12.0
640	6	67	12.0
641	6	68	12.0
642	6	69	12.0
643	6	70	12.0
644	6	71	9.0
645	6	72	12.0
646	6	73	9.0
647	6	74	9.0
648	6	75	12.0
649	6	76	12.0
650	6	77	12.0
651	6	78	12.0
652	6	79	12.0
653	6	80	14.0
654	6	81	12.0
655	6	82	9.0
656	6	83	9.0
657	6	84	12.0
658	6	85	12.0
659	6	86	12.0
660	6	87	12.0
661	6	88	9.0
662	6	89	12.0
663	6	90	12.0
664	6	91	12.0
665	6	92	12.0
666	6	93	12.0
667	6	94	12.0
668	6	95	12.0
669	6	96	12.0
670	6	97	9.0
671	6	98	6.0
672	6	99	6.0
673	7	8	4.0
674	7	9	6.0
675	7	10	9.0
676	7	11	9.0
677	7	12	9.0
678	7	13	10.0
679	7	14	9.0
680	7	15	9.0
681	7	16	8.0
682	7	17	9.0
683	7	18	6.0
684	7	19	16.0
685	7	20	16.0
686	7	21	11.0
687	7	22	11.0
688	7	23	6.0
689	7	24	13.0
690	7	25	9.0
691	7	26	11.0
692	7	27	9.0
693	7	28	11.0
694	7	29	9.0
695	7	30	9.0
696	7	31	9.0
697	7	32	9.0
698	7	33	9.0
699	7	34	9.0
700	7	35	9.0
701	7	36	9.0
702	7	37	9.0
703	7	38	13.0
704	7	39	6.0
705	7	40	13.0
706	7	41	6.0
707	7	42	6.0
708	7	43	6.0
709	7	44	11.0
710	7	45	11.0
711	7	46	11.0
712	7	47	9.0
713	7	48	9.0
714	7	49	11.0
715	7	50	9.0
716	7	51	9.0
717	7	52	6.0
718	7	53	9.0
719	7	54	11.0
720	7	55	11.0
721	7	56	9.0
722	7	57	9.0
723	7	58	9.0
724	7	59	9.0
725	7	60	9.0
726	7	61	9.0
727	7	62	9.0
728	7	63	11.0
729	7	64	9.0
730	7	65	6.0
731	7	66	9.0
732	7	67	9.0
733	7	68	9.0
734	7	69	9.0
735	7	70	9.0
736	7	71	6.0
737	7	72	9.0
738	7	73	6.0
739	7	74	6.0
740	7	75	9.0
741	7	76	9.0
742	7	77	9.0
743	7	78	9.0
744	7	79	9.0
745	7	80	11.0
746	7	81	9.0
747	7	82	6.0
748	7	83	6.0
749	7	84	9.0
750	7	85	9.0
751	7	86	9.0
752	7	87	9.0
753	7	88	6.0
754	7	89	9.0
755	7	90	9.0
756	7	91	9.0
757	7	92	9.0
758	7	93	9.0
759	7	94	9.0
760	7	95	9.0
761	7	96	9.0
762	7	97	6.0
763	7	98	9.0
764	7	99	9.0
765	8	9	4.0
766	8	10	7.0
767	8	11	7.0
768	8	12	7.0
769	8	13	8.0
770	8	14	7.0
771	8	15	7.0
772	8	16	6.0
773	8	17	7.0
774	8	18	4.0
775	8	19	16.0
776	8	20	16.0
777	8	21	9.0
778	8	22	9.0
779	8	23	4.0
780	8	24	11.0
781	8	25	7.0
782	8	26	11.0
783	8	27	7.0
784	8	28	11.0
785	8	29	7.0
786	8	30	7.0
787	8	31	7.0
788	8	32	7.0
789	8	33	7.0
790	8	34	7.0
791	8	35	7.0
792	8	36	7.0
793	8	37	7.0
794	8	38	11.0
795	8	39	4.0
796	8	40	13.0
797	8	41	4.0
798	8	42	4.0
799	8	43	4.0
800	8	44	11.0
801	8	45	11.0
802	8	46	11.0
803	8	47	7.0
804	8	48	7.0
805	8	49	11.0
806	8	50	7.0
807	8	51	7.0
808	8	52	4.0
809	8	53	7.0
810	8	54	11.0
811	8	55	11.0
812	8	56	7.0
813	8	57	7.0
814	8	58	7.0
815	8	59	7.0
816	8	60	7.0
817	8	61	7.0
818	8	62	7.0
819	8	63	11.0
820	8	64	7.0
821	8	65	4.0
822	8	66	7.0
823	8	67	7.0
824	8	68	7.0
825	8	69	7.0
826	8	70	7.0
827	8	71	4.0
828	8	72	7.0
829	8	73	4.0
830	8	74	4.0
831	8	75	7.0
832	8	76	7.0
833	8	77	7.0
834	8	78	7.0
835	8	79	7.0
836	8	80	11.0
837	8	81	7.0
838	8	82	4.0
839	8	83	4.0
840	8	84	7.0
841	8	85	7.0
842	8	86	7.0
843	8	87	7.0
844	8	88	4.0
845	8	89	7.0
846	8	90	7.0
847	8	91	7.0
848	8	92	7.0
849	8	93	7.0
850	8	94	7.0
851	8	95	7.0
852	8	96	7.0
853	8	97	4.0
854	8	98	7.0
855	8	99	7.0
856	9	10	3.0
857	9	11	3.0
858	9	12	3.0
859	9	13	4.0
860	9	14	3.0
861	9	15	3.0
862	9	16	2.0
863	9	17	3.0
864	9	18	0.0
865	9	19	12.0
866	9	20	12.0
867	9	21	5.0
868	9	22	5.0
869	9	23	0.0
870	9	24	7.0
871	9	25	3.0
872	9	26	7.0
873	9	27	3.0
874	9	28	7.0
875	9	29	3.0
876	9	30	3.0
877	9	31	3.0
878	9	32	3.0
879	9	33	3.0
880	9	34	3.0
881	9	35	3.0
882	9	36	3.0
883	9	37	3.0
884	9	38	7.0
885	9	39	0.0
886	9	40	9.0
887	9	41	0.0
888	9	42	0.0
889	9	43	0.0
890	9	44	7.0
891	9	45	7.0
892	9	46	7.0
893	9	47	3.0
894	9	48	3.0
895	9	49	7.0
896	9	50	3.0
897	9	51	3.0
898	9	52	0.0
899	9	53	3.0
900	9	54	7.0
901	9	55	7.0
902	9	56	3.0
903	9	57	3.0
904	9	58	3.0
905	9	59	3.0
906	9	60	3.0
907	9	61	3.0
908	9	62	3.0
909	9	63	7.0
910	9	64	3.0
911	9	65	0.0
912	9	66	3.0
913	9	67	3.0
914	9	68	3.0
915	9	69	3.0
916	9	70	3.0
917	9	71	0.0
918	9	72	3.0
919	9	73	0.0
920	9	74	0.0
921	9	75	3.0
922	9	76	3.0
923	9	77	3.0
924	9	78	3.0
925	9	79	3.0
926	9	80	7.0
927	9	81	3.0
928	9	82	0.0
929	9	83	0.0
930	9	84	3.0
931	9	85	3.0
932	9	86	3.0
933	9	87	3.0
934	9	88	0.0
935	9	89	3.0
936	9	90	3.0
937	9	91	3.0
938	9	92	3.0
939	9	93	3.0
940	9	94	3.0
941	9	95	3.0
942	9	96	3.0
943	9	97	0.0
944	9	98	3.0
945	9	99	3.0
946	10	11	6.0
947	10	12	6.0
948	10	13	5.0
949	10	14	0.0
950	10	15	6.0
951	10	16	5.0
952	10	17	6.0
953	10	18	3.0
954	10	19	12.0
955	10	20	12.0
956	10	21	2.0
957	10	22	2.0
958	10	23	3.0
959	10	24	8.0
960	10	25	0.0
961	10	26	7.0
962	10	27	0.0
963	10	28	7.0
964	10	29	0.0
965	10	30	0.0
966	10	31	0.0
967	10	32	0.0
968	10	33	0.0
969	10	34	0.0
970	10	35	6.0
971	10	36	6.0
972	10	37	0.0
973	10	38	8.0
974	10	39	3.0
975	10	40	9.0
976	10	41	3.0
977	10	42	3.0
978	10	43	3.0
979	10	44	6.0
980	10	45	6.0
981	10	46	6.0
982	10	47	0.0
983	10	48	0.0
984	10	49	6.0
985	10	50	0.0
986	10	51	0.0
987	10	52	3.0
988	10	53	0.0
989	10	54	7.0
990	10	55	7.0
991	10	56	0.0
992	10	57	0.0
993	10	58	0.0
994	10	59	0.0
995	10	60	0.0
996	10	61	0.0
997	10	62	0.0
998	10	63	6.0
999	10	64	0.0
1000	10	65	3.0
1001	10	66	0.0
1002	10	67	0.0
1003	10	68	0.0
1004	10	69	0.0
1005	10	70	0.0
1006	10	71	3.0
1007	10	72	0.0
1008	10	73	3.0
1009	10	74	3.0
1010	10	75	0.0
1011	10	76	0.0
1012	10	77	0.0
1013	10	78	0.0
1014	10	79	0.0
1015	10	80	6.0
1016	10	81	0.0
1017	10	82	3.0
1018	10	83	3.0
1019	10	84	0.0
1020	10	85	0.0
1021	10	86	0.0
1022	10	87	0.0
1023	10	88	3.0
1024	10	89	0.0
1025	10	90	0.0
1026	10	91	0.0
1027	10	92	0.0
1028	10	93	0.0
1029	10	94	0.0
1030	10	95	0.0
1031	10	96	0.0
1032	10	97	3.0
1033	10	98	6.0
1034	10	99	6.0
1035	11	12	0.0
1036	11	13	5.0
1037	11	14	6.0
1038	11	15	0.0
1039	11	16	5.0
1040	11	17	0.0
1041	11	18	3.0
1042	11	19	12.0
1043	11	20	12.0
1044	11	21	8.0
1045	11	22	8.0
1046	11	23	3.0
1047	11	24	8.0
1048	11	25	6.0
1049	11	26	8.0
1050	11	27	6.0
1051	11	28	8.0
1052	11	29	6.0
1053	11	30	6.0
1054	11	31	6.0
1055	11	32	6.0
1056	11	33	6.0
1057	11	34	6.0
1058	11	35	0.0
1059	11	36	0.0
1060	11	37	6.0
1061	11	38	8.0
1062	11	39	3.0
1063	11	40	10.0
1064	11	41	3.0
1065	11	42	3.0
1066	11	43	3.0
1067	11	44	9.0
1068	11	45	9.0
1069	11	46	9.0
1070	11	47	6.0
1071	11	48	6.0
1072	11	49	9.0
1073	11	50	6.0
1074	11	51	6.0
1075	11	52	3.0
1076	11	53	6.0
1077	11	54	8.0
1078	11	55	8.0
1079	11	56	6.0
1080	11	57	6.0
1081	11	58	6.0
1082	11	59	6.0
1083	11	60	6.0
1084	11	61	6.0
1085	11	62	6.0
1086	11	63	9.0
1087	11	64	6.0
1088	11	65	3.0
1089	11	66	6.0
1090	11	67	6.0
1091	11	68	6.0
1092	11	69	6.0
1093	11	70	6.0
1094	11	71	3.0
1095	11	72	6.0
1096	11	73	3.0
1097	11	74	3.0
1098	11	75	6.0
1099	11	76	6.0
1100	11	77	6.0
1101	11	78	6.0
1102	11	79	6.0
1103	11	80	9.0
1104	11	81	6.0
1105	11	82	3.0
1106	11	83	3.0
1107	11	84	6.0
1108	11	85	6.0
1109	11	86	6.0
1110	11	87	6.0
1111	11	88	3.0
1112	11	89	6.0
1113	11	90	6.0
1114	11	91	6.0
1115	11	92	6.0
1116	11	93	6.0
1117	11	94	6.0
1118	11	95	6.0
1119	11	96	6.0
1120	11	97	3.0
1121	11	98	0.0
1122	11	99	0.0
1123	12	13	5.0
1124	12	14	6.0
1125	12	15	0.0
1126	12	16	5.0
1127	12	17	0.0
1128	12	18	3.0
1129	12	19	12.0
1130	12	20	12.0
1131	12	21	8.0
1132	12	22	8.0
1133	12	23	3.0
1134	12	24	8.0
1135	12	25	6.0
1136	12	26	8.0
1137	12	27	6.0
1138	12	28	8.0
1139	12	29	6.0
1140	12	30	6.0
1141	12	31	6.0
1142	12	32	6.0
1143	12	33	6.0
1144	12	34	6.0
1145	12	35	0.0
1146	12	36	0.0
1147	12	37	6.0
1148	12	38	8.0
1149	12	39	3.0
1150	12	40	10.0
1151	12	41	3.0
1152	12	42	3.0
1153	12	43	3.0
1154	12	44	9.0
1155	12	45	9.0
1156	12	46	9.0
1157	12	47	6.0
1158	12	48	6.0
1159	12	49	9.0
1160	12	50	6.0
1161	12	51	6.0
1162	12	52	3.0
1163	12	53	6.0
1164	12	54	8.0
1165	12	55	8.0
1166	12	56	6.0
1167	12	57	6.0
1168	12	58	6.0
1169	12	59	6.0
1170	12	60	6.0
1171	12	61	6.0
1172	12	62	6.0
1173	12	63	9.0
1174	12	64	6.0
1175	12	65	3.0
1176	12	66	6.0
1177	12	67	6.0
1178	12	68	6.0
1179	12	69	6.0
1180	12	70	6.0
1181	12	71	3.0
1182	12	72	6.0
1183	12	73	3.0
1184	12	74	3.0
1185	12	75	6.0
1186	12	76	6.0
1187	12	77	6.0
1188	12	78	6.0
1189	12	79	6.0
1190	12	80	9.0
1191	12	81	6.0
1192	12	82	3.0
1193	12	83	3.0
1194	12	84	6.0
1195	12	85	6.0
1196	12	86	6.0
1197	12	87	6.0
1198	12	88	3.0
1199	12	89	6.0
1200	12	90	6.0
1201	12	91	6.0
1202	12	92	6.0
1203	12	93	6.0
1204	12	94	6.0
1205	12	95	6.0
1206	12	96	6.0
1207	12	97	3.0
1208	12	98	0.0
1209	12	99	0.0
1210	13	14	5.0
1211	13	15	5.0
1212	13	16	6.0
1213	13	17	5.0
1214	13	18	4.0
1215	13	19	12.0
1216	13	20	12.0
1217	13	21	7.0
1218	13	22	7.0
1219	13	23	4.0
1220	13	24	7.0
1221	13	25	5.0
1222	13	26	7.0
1223	13	27	5.0
1224	13	28	7.0
1225	13	29	5.0
1226	13	30	5.0
1227	13	31	5.0
1228	13	32	5.0
1229	13	33	5.0
1230	13	34	5.0
1231	13	35	5.0
1232	13	36	5.0
1233	13	37	5.0
1234	13	38	7.0
1235	13	39	4.0
1236	13	40	9.0
1237	13	41	4.0
1238	13	42	4.0
1239	13	43	4.0
1240	13	44	8.0
1241	13	45	8.0
1242	13	46	8.0
1243	13	47	5.0
1244	13	48	5.0
1245	13	49	8.0
1246	13	50	5.0
1247	13	51	5.0
1248	13	52	4.0
1249	13	53	5.0
1250	13	54	7.0
1251	13	55	7.0
1252	13	56	5.0
1253	13	57	5.0
1254	13	58	5.0
1255	13	59	5.0
1256	13	60	5.0
1257	13	61	5.0
1258	13	62	5.0
1259	13	63	8.0
1260	13	64	5.0
1261	13	65	4.0
1262	13	66	5.0
1263	13	67	5.0
1264	13	68	5.0
1265	13	69	5.0
1266	13	70	5.0
1267	13	71	4.0
1268	13	72	5.0
1269	13	73	4.0
1270	13	74	4.0
1271	13	75	5.0
1272	13	76	5.0
1273	13	77	5.0
1274	13	78	5.0
1275	13	79	5.0
1276	13	80	8.0
1277	13	81	5.0
1278	13	82	4.0
1279	13	83	4.0
1280	13	84	5.0
1281	13	85	5.0
1282	13	86	5.0
1283	13	87	5.0
1284	13	88	4.0
1285	13	89	5.0
1286	13	90	5.0
1287	13	91	5.0
1288	13	92	5.0
1289	13	93	5.0
1290	13	94	5.0
1291	13	95	5.0
1292	13	96	5.0
1293	13	97	4.0
1294	13	98	5.0
1295	13	99	5.0
1296	14	15	6.0
1297	14	16	5.0
1298	14	17	6.0
1299	14	18	3.0
1300	14	19	12.0
1301	14	20	12.0
1302	14	21	2.0
1303	14	22	2.0
1304	14	23	3.0
1305	14	24	8.0
1306	14	25	0.0
1307	14	26	7.0
1308	14	27	0.0
1309	14	28	7.0
1310	14	29	0.0
1311	14	30	0.0
1312	14	31	0.0
1313	14	32	0.0
1314	14	33	0.0
1315	14	34	0.0
1316	14	35	6.0
1317	14	36	6.0
1318	14	37	0.0
1319	14	38	8.0
1320	14	39	3.0
1321	14	40	9.0
1322	14	41	3.0
1323	14	42	3.0
1324	14	43	3.0
1325	14	44	6.0
1326	14	45	6.0
1327	14	46	6.0
1328	14	47	0.0
1329	14	48	0.0
1330	14	49	6.0
1331	14	50	0.0
1332	14	51	0.0
1333	14	52	3.0
1334	14	53	0.0
1335	14	54	7.0
1336	14	55	7.0
1337	14	56	0.0
1338	14	57	0.0
1339	14	58	0.0
1340	14	59	0.0
1341	14	60	0.0
1342	14	61	0.0
1343	14	62	0.0
1344	14	63	6.0
1345	14	64	0.0
1346	14	65	3.0
1347	14	66	0.0
1348	14	67	0.0
1349	14	68	0.0
1350	14	69	0.0
1351	14	70	0.0
1352	14	71	3.0
1353	14	72	0.0
1354	14	73	3.0
1355	14	74	3.0
1356	14	75	0.0
1357	14	76	0.0
1358	14	77	0.0
1359	14	78	0.0
1360	14	79	0.0
1361	14	80	6.0
1362	14	81	0.0
1363	14	82	3.0
1364	14	83	3.0
1365	14	84	0.0
1366	14	85	0.0
1367	14	86	0.0
1368	14	87	0.0
1369	14	88	3.0
1370	14	89	0.0
1371	14	90	0.0
1372	14	91	0.0
1373	14	92	0.0
1374	14	93	0.0
1375	14	94	0.0
1376	14	95	0.0
1377	14	96	0.0
1378	14	97	3.0
1379	14	98	6.0
1380	14	99	6.0
1381	15	16	5.0
1382	15	17	0.0
1383	15	18	3.0
1384	15	19	12.0
1385	15	20	12.0
1386	15	21	8.0
1387	15	22	8.0
1388	15	23	3.0
1389	15	24	8.0
1390	15	25	6.0
1391	15	26	8.0
1392	15	27	6.0
1393	15	28	8.0
1394	15	29	6.0
1395	15	30	6.0
1396	15	31	6.0
1397	15	32	6.0
1398	15	33	6.0
1399	15	34	6.0
1400	15	35	0.0
1401	15	36	0.0
1402	15	37	6.0
1403	15	38	8.0
1404	15	39	3.0
1405	15	40	10.0
1406	15	41	3.0
1407	15	42	3.0
1408	15	43	3.0
1409	15	44	9.0
1410	15	45	9.0
1411	15	46	9.0
1412	15	47	6.0
1413	15	48	6.0
1414	15	49	9.0
1415	15	50	6.0
1416	15	51	6.0
1417	15	52	3.0
1418	15	53	6.0
1419	15	54	8.0
1420	15	55	8.0
1421	15	56	6.0
1422	15	57	6.0
1423	15	58	6.0
1424	15	59	6.0
1425	15	60	6.0
1426	15	61	6.0
1427	15	62	6.0
1428	15	63	9.0
1429	15	64	6.0
1430	15	65	3.0
1431	15	66	6.0
1432	15	67	6.0
1433	15	68	6.0
1434	15	69	6.0
1435	15	70	6.0
1436	15	71	3.0
1437	15	72	6.0
1438	15	73	3.0
1439	15	74	3.0
1440	15	75	6.0
1441	15	76	6.0
1442	15	77	6.0
1443	15	78	6.0
1444	15	79	6.0
1445	15	80	9.0
1446	15	81	6.0
1447	15	82	3.0
1448	15	83	3.0
1449	15	84	6.0
1450	15	85	6.0
1451	15	86	6.0
1452	15	87	6.0
1453	15	88	3.0
1454	15	89	6.0
1455	15	90	6.0
1456	15	91	6.0
1457	15	92	6.0
1458	15	93	6.0
1459	15	94	6.0
1460	15	95	6.0
1461	15	96	6.0
1462	15	97	3.0
1463	15	98	0.0
1464	15	99	0.0
1465	16	17	5.0
1466	16	18	2.0
1467	16	19	14.0
1468	16	20	14.0
1469	16	21	3.0
1470	16	22	3.0
1471	16	23	2.0
1472	16	24	9.0
1473	16	25	5.0
1474	16	26	9.0
1475	16	27	5.0
1476	16	28	9.0
1477	16	29	5.0
1478	16	30	5.0
1479	16	31	5.0
1480	16	32	5.0
1481	16	33	5.0
1482	16	34	5.0
1483	16	35	5.0
1484	16	36	5.0
1485	16	37	5.0
1486	16	38	9.0
1487	16	39	2.0
1488	16	40	9.0
1489	16	41	2.0
1490	16	42	2.0
1491	16	43	2.0
1492	16	44	9.0
1493	16	45	9.0
1494	16	46	9.0
1495	16	47	5.0
1496	16	48	5.0
1497	16	49	9.0
1498	16	50	5.0
1499	16	51	5.0
1500	16	52	2.0
1501	16	53	5.0
1502	16	54	9.0
1503	16	55	9.0
1504	16	56	5.0
1505	16	57	5.0
1506	16	58	5.0
1507	16	59	5.0
1508	16	60	5.0
1509	16	61	5.0
1510	16	62	5.0
1511	16	63	9.0
1512	16	64	5.0
1513	16	65	2.0
1514	16	66	5.0
1515	16	67	5.0
1516	16	68	5.0
1517	16	69	5.0
1518	16	70	5.0
1519	16	71	2.0
1520	16	72	5.0
1521	16	73	2.0
1522	16	74	2.0
1523	16	75	5.0
1524	16	76	5.0
1525	16	77	5.0
1526	16	78	5.0
1527	16	79	5.0
1528	16	80	9.0
1529	16	81	5.0
1530	16	82	2.0
1531	16	83	2.0
1532	16	84	5.0
1533	16	85	5.0
1534	16	86	5.0
1535	16	87	5.0
1536	16	88	2.0
1537	16	89	5.0
1538	16	90	5.0
1539	16	91	5.0
1540	16	92	5.0
1541	16	93	5.0
1542	16	94	5.0
1543	16	95	5.0
1544	16	96	5.0
1545	16	97	2.0
1546	16	98	5.0
1547	16	99	5.0
1548	17	18	3.0
1549	17	19	12.0
1550	17	20	12.0
1551	17	21	8.0
1552	17	22	8.0
1553	17	23	3.0
1554	17	24	8.0
1555	17	25	6.0
1556	17	26	8.0
1557	17	27	6.0
1558	17	28	8.0
1559	17	29	6.0
1560	17	30	6.0
1561	17	31	6.0
1562	17	32	6.0
1563	17	33	6.0
1564	17	34	6.0
1565	17	35	0.0
1566	17	36	0.0
1567	17	37	6.0
1568	17	38	8.0
1569	17	39	3.0
1570	17	40	10.0
1571	17	41	3.0
1572	17	42	3.0
1573	17	43	3.0
1574	17	44	9.0
1575	17	45	9.0
1576	17	46	9.0
1577	17	47	6.0
1578	17	48	6.0
1579	17	49	9.0
1580	17	50	6.0
1581	17	51	6.0
1582	17	52	3.0
1583	17	53	6.0
1584	17	54	8.0
1585	17	55	8.0
1586	17	56	6.0
1587	17	57	6.0
1588	17	58	6.0
1589	17	59	6.0
1590	17	60	6.0
1591	17	61	6.0
1592	17	62	6.0
1593	17	63	9.0
1594	17	64	6.0
1595	17	65	3.0
1596	17	66	6.0
1597	17	67	6.0
1598	17	68	6.0
1599	17	69	6.0
1600	17	70	6.0
1601	17	71	3.0
1602	17	72	6.0
1603	17	73	3.0
1604	17	74	3.0
1605	17	75	6.0
1606	17	76	6.0
1607	17	77	6.0
1608	17	78	6.0
1609	17	79	6.0
1610	17	80	9.0
1611	17	81	6.0
1612	17	82	3.0
1613	17	83	3.0
1614	17	84	6.0
1615	17	85	6.0
1616	17	86	6.0
1617	17	87	6.0
1618	17	88	3.0
1619	17	89	6.0
1620	17	90	6.0
1621	17	91	6.0
1622	17	92	6.0
1623	17	93	6.0
1624	17	94	6.0
1625	17	95	6.0
1626	17	96	6.0
1627	17	97	3.0
1628	17	98	0.0
1629	17	99	0.0
1630	18	19	12.0
1631	18	20	12.0
1632	18	21	5.0
1633	18	22	5.0
1634	18	23	0.0
1635	18	24	7.0
1636	18	25	3.0
1637	18	26	7.0
1638	18	27	3.0
1639	18	28	7.0
1640	18	29	3.0
1641	18	30	3.0
1642	18	31	3.0
1643	18	32	3.0
1644	18	33	3.0
1645	18	34	3.0
1646	18	35	3.0
1647	18	36	3.0
1648	18	37	3.0
1649	18	38	7.0
1650	18	39	0.0
1651	18	40	9.0
1652	18	41	0.0
1653	18	42	0.0
1654	18	43	0.0
1655	18	44	7.0
1656	18	45	7.0
1657	18	46	7.0
1658	18	47	3.0
1659	18	48	3.0
1660	18	49	7.0
1661	18	50	3.0
1662	18	51	3.0
1663	18	52	0.0
1664	18	53	3.0
1665	18	54	7.0
1666	18	55	7.0
1667	18	56	3.0
1668	18	57	3.0
1669	18	58	3.0
1670	18	59	3.0
1671	18	60	3.0
1672	18	61	3.0
1673	18	62	3.0
1674	18	63	7.0
1675	18	64	3.0
1676	18	65	0.0
1677	18	66	3.0
1678	18	67	3.0
1679	18	68	3.0
1680	18	69	3.0
1681	18	70	3.0
1682	18	71	0.0
1683	18	72	3.0
1684	18	73	0.0
1685	18	74	0.0
1686	18	75	3.0
1687	18	76	3.0
1688	18	77	3.0
1689	18	78	3.0
1690	18	79	3.0
1691	18	80	7.0
1692	18	81	3.0
1693	18	82	0.0
1694	18	83	0.0
1695	18	84	3.0
1696	18	85	3.0
1697	18	86	3.0
1698	18	87	3.0
1699	18	88	0.0
1700	18	89	3.0
1701	18	90	3.0
1702	18	91	3.0
1703	18	92	3.0
1704	18	93	3.0
1705	18	94	3.0
1706	18	95	3.0
1707	18	96	3.0
1708	18	97	0.0
1709	18	98	3.0
1710	18	99	3.0
1711	19	20	0.0
1712	19	21	14.0
1713	19	22	14.0
1714	19	23	12.0
1715	19	24	7.0
1716	19	25	12.0
1717	19	26	7.0
1718	19	27	12.0
1719	19	28	7.0
1720	19	29	12.0
1721	19	30	12.0
1722	19	31	12.0
1723	19	32	12.0
1724	19	33	12.0
1725	19	34	12.0
1726	19	35	12.0
1727	19	36	12.0
1728	19	37	12.0
1729	19	38	7.0
1730	19	39	12.0
1731	19	40	9.0
1732	19	41	12.0
1733	19	42	12.0
1734	19	43	12.0
1735	19	44	8.0
1736	19	45	8.0
1737	19	46	8.0
1738	19	47	12.0
1739	19	48	12.0
1740	19	49	8.0
1741	19	50	12.0
1742	19	51	12.0
1743	19	52	12.0
1744	19	53	12.0
1745	19	54	7.0
1746	19	55	7.0
1747	19	56	12.0
1748	19	57	12.0
1749	19	58	12.0
1750	19	59	12.0
1751	19	60	12.0
1752	19	61	12.0
1753	19	62	12.0
1754	19	63	8.0
1755	19	64	12.0
1756	19	65	12.0
1757	19	66	12.0
1758	19	67	12.0
1759	19	68	12.0
1760	19	69	12.0
1761	19	70	12.0
1762	19	71	12.0
1763	19	72	12.0
1764	19	73	12.0
1765	19	74	12.0
1766	19	75	12.0
1767	19	76	12.0
1768	19	77	12.0
1769	19	78	12.0
1770	19	79	12.0
1771	19	80	8.0
1772	19	81	12.0
1773	19	82	12.0
1774	19	83	12.0
1775	19	84	12.0
1776	19	85	12.0
1777	19	86	12.0
1778	19	87	12.0
1779	19	88	12.0
1780	19	89	12.0
1781	19	90	12.0
1782	19	91	12.0
1783	19	92	12.0
1784	19	93	12.0
1785	19	94	12.0
1786	19	95	12.0
1787	19	96	12.0
1788	19	97	12.0
1789	19	98	12.0
1790	19	99	12.0
1791	20	21	14.0
1792	20	22	14.0
1793	20	23	12.0
1794	20	24	7.0
1795	20	25	12.0
1796	20	26	7.0
1797	20	27	12.0
1798	20	28	7.0
1799	20	29	12.0
1800	20	30	12.0
1801	20	31	12.0
1802	20	32	12.0
1803	20	33	12.0
1804	20	34	12.0
1805	20	35	12.0
1806	20	36	12.0
1807	20	37	12.0
1808	20	38	7.0
1809	20	39	12.0
1810	20	40	9.0
1811	20	41	12.0
1812	20	42	12.0
1813	20	43	12.0
1814	20	44	8.0
1815	20	45	8.0
1816	20	46	8.0
1817	20	47	12.0
1818	20	48	12.0
1819	20	49	8.0
1820	20	50	12.0
1821	20	51	12.0
1822	20	52	12.0
1823	20	53	12.0
1824	20	54	7.0
1825	20	55	7.0
1826	20	56	12.0
1827	20	57	12.0
1828	20	58	12.0
1829	20	59	12.0
1830	20	60	12.0
1831	20	61	12.0
1832	20	62	12.0
1833	20	63	8.0
1834	20	64	12.0
1835	20	65	12.0
1836	20	66	12.0
1837	20	67	12.0
1838	20	68	12.0
1839	20	69	12.0
1840	20	70	12.0
1841	20	71	12.0
1842	20	72	12.0
1843	20	73	12.0
1844	20	74	12.0
1845	20	75	12.0
1846	20	76	12.0
1847	20	77	12.0
1848	20	78	12.0
1849	20	79	12.0
1850	20	80	8.0
1851	20	81	12.0
1852	20	82	12.0
1853	20	83	12.0
1854	20	84	12.0
1855	20	85	12.0
1856	20	86	12.0
1857	20	87	12.0
1858	20	88	12.0
1859	20	89	12.0
1860	20	90	12.0
1861	20	91	12.0
1862	20	92	12.0
1863	20	93	12.0
1864	20	94	12.0
1865	20	95	12.0
1866	20	96	12.0
1867	20	97	12.0
1868	20	98	12.0
1869	20	99	12.0
1870	21	22	0.0
1871	21	23	5.0
1872	21	24	10.0
1873	21	25	2.0
1874	21	26	9.0
1875	21	27	2.0
1876	21	28	9.0
1877	21	29	2.0
1878	21	30	2.0
1879	21	31	2.0
1880	21	32	2.0
1881	21	33	2.0
1882	21	34	2.0
1883	21	35	8.0
1884	21	36	8.0
1885	21	37	2.0
1886	21	38	10.0
1887	21	39	5.0
1888	21	40	9.0
1889	21	41	5.0
1890	21	42	5.0
1891	21	43	5.0
1892	21	44	8.0
1893	21	45	8.0
1894	21	46	8.0
1895	21	47	2.0
1896	21	48	2.0
1897	21	49	8.0
1898	21	50	2.0
1899	21	51	2.0
1900	21	52	5.0
1901	21	53	2.0
1902	21	54	9.0
1903	21	55	9.0
1904	21	56	2.0
1905	21	57	2.0
1906	21	58	2.0
1907	21	59	2.0
1908	21	60	2.0
1909	21	61	2.0
1910	21	62	2.0
1911	21	63	8.0
1912	21	64	2.0
1913	21	65	5.0
1914	21	66	2.0
1915	21	67	2.0
1916	21	68	2.0
1917	21	69	2.0
1918	21	70	2.0
1919	21	71	5.0
1920	21	72	2.0
1921	21	73	5.0
1922	21	74	5.0
1923	21	75	2.0
1924	21	76	2.0
1925	21	77	2.0
1926	21	78	2.0
1927	21	79	2.0
1928	21	80	8.0
1929	21	81	2.0
1930	21	82	5.0
1931	21	83	5.0
1932	21	84	2.0
1933	21	85	2.0
1934	21	86	2.0
1935	21	87	2.0
1936	21	88	5.0
1937	21	89	2.0
1938	21	90	2.0
1939	21	91	2.0
1940	21	92	2.0
1941	21	93	2.0
1942	21	94	2.0
1943	21	95	2.0
1944	21	96	2.0
1945	21	97	5.0
1946	21	98	8.0
1947	21	99	8.0
1948	22	23	5.0
1949	22	24	10.0
1950	22	25	2.0
1951	22	26	9.0
1952	22	27	2.0
1953	22	28	9.0
1954	22	29	2.0
1955	22	30	2.0
1956	22	31	2.0
1957	22	32	2.0
1958	22	33	2.0
1959	22	34	2.0
1960	22	35	8.0
1961	22	36	8.0
1962	22	37	2.0
1963	22	38	10.0
1964	22	39	5.0
1965	22	40	9.0
1966	22	41	5.0
1967	22	42	5.0
1968	22	43	5.0
1969	22	44	8.0
1970	22	45	8.0
1971	22	46	8.0
1972	22	47	2.0
1973	22	48	2.0
1974	22	49	8.0
1975	22	50	2.0
1976	22	51	2.0
1977	22	52	5.0
1978	22	53	2.0
1979	22	54	9.0
1980	22	55	9.0
1981	22	56	2.0
1982	22	57	2.0
1983	22	58	2.0
1984	22	59	2.0
1985	22	60	2.0
1986	22	61	2.0
1987	22	62	2.0
1988	22	63	8.0
1989	22	64	2.0
1990	22	65	5.0
1991	22	66	2.0
1992	22	67	2.0
1993	22	68	2.0
1994	22	69	2.0
1995	22	70	2.0
1996	22	71	5.0
1997	22	72	2.0
1998	22	73	5.0
1999	22	74	5.0
2000	22	75	2.0
2001	22	76	2.0
2002	22	77	2.0
2003	22	78	2.0
2004	22	79	2.0
2005	22	80	8.0
2006	22	81	2.0
2007	22	82	5.0
2008	22	83	5.0
2009	22	84	2.0
2010	22	85	2.0
2011	22	86	2.0
2012	22	87	2.0
2013	22	88	5.0
2014	22	89	2.0
2015	22	90	2.0
2016	22	91	2.0
2017	22	92	2.0
2018	22	93	2.0
2019	22	94	2.0
2020	22	95	2.0
2021	22	96	2.0
2022	22	97	5.0
2023	22	98	8.0
2024	22	99	8.0
2025	23	24	7.0
2026	23	25	3.0
2027	23	26	7.0
2028	23	27	3.0
2029	23	28	7.0
2030	23	29	3.0
2031	23	30	3.0
2032	23	31	3.0
2033	23	32	3.0
2034	23	33	3.0
2035	23	34	3.0
2036	23	35	3.0
2037	23	36	3.0
2038	23	37	3.0
2039	23	38	7.0
2040	23	39	0.0
2041	23	40	9.0
2042	23	41	0.0
2043	23	42	0.0
2044	23	43	0.0
2045	23	44	7.0
2046	23	45	7.0
2047	23	46	7.0
2048	23	47	3.0
2049	23	48	3.0
2050	23	49	7.0
2051	23	50	3.0
2052	23	51	3.0
2053	23	52	0.0
2054	23	53	3.0
2055	23	54	7.0
2056	23	55	7.0
2057	23	56	3.0
2058	23	57	3.0
2059	23	58	3.0
2060	23	59	3.0
2061	23	60	3.0
2062	23	61	3.0
2063	23	62	3.0
2064	23	63	7.0
2065	23	64	3.0
2066	23	65	0.0
2067	23	66	3.0
2068	23	67	3.0
2069	23	68	3.0
2070	23	69	3.0
2071	23	70	3.0
2072	23	71	0.0
2073	23	72	3.0
2074	23	73	0.0
2075	23	74	0.0
2076	23	75	3.0
2077	23	76	3.0
2078	23	77	3.0
2079	23	78	3.0
2080	23	79	3.0
2081	23	80	7.0
2082	23	81	3.0
2083	23	82	0.0
2084	23	83	0.0
2085	23	84	3.0
2086	23	85	3.0
2087	23	86	3.0
2088	23	87	3.0
2089	23	88	0.0
2090	23	89	3.0
2091	23	90	3.0
2092	23	91	3.0
2093	23	92	3.0
2094	23	93	3.0
2095	23	94	3.0
2096	23	95	3.0
2097	23	96	3.0
2098	23	97	0.0
2099	23	98	3.0
2100	23	99	3.0
2101	24	25	8.0
2102	24	26	6.0
2103	24	27	8.0
2104	24	28	6.0
2105	24	29	8.0
2106	24	30	8.0
2107	24	31	8.0
2108	24	32	8.0
2109	24	33	8.0
2110	24	34	8.0
2111	24	35	8.0
2112	24	36	8.0
2113	24	37	8.0
2114	24	38	0.0
2115	24	39	7.0
2116	24	40	8.0
2117	24	41	7.0
2118	24	42	7.0
2119	24	43	7.0
2120	24	44	4.0
2121	24	45	4.0
2122	24	46	4.0
2123	24	47	8.0
2124	24	48	8.0
2125	24	49	4.0
2126	24	50	8.0
2127	24	51	8.0
2128	24	52	7.0
2129	24	53	8.0
2130	24	54	6.0
2131	24	55	6.0
2132	24	56	8.0
2133	24	57	8.0
2134	24	58	8.0
2135	24	59	8.0
2136	24	60	8.0
2137	24	61	8.0
2138	24	62	8.0
2139	24	63	4.0
2140	24	64	8.0
2141	24	65	7.0
2142	24	66	8.0
2143	24	67	8.0
2144	24	68	8.0
2145	24	69	8.0
2146	24	70	8.0
2147	24	71	7.0
2148	24	72	8.0
2149	24	73	7.0
2150	24	74	7.0
2151	24	75	8.0
2152	24	76	8.0
2153	24	77	8.0
2154	24	78	8.0
2155	24	79	8.0
2156	24	80	4.0
2157	24	81	8.0
2158	24	82	7.0
2159	24	83	7.0
2160	24	84	8.0
2161	24	85	8.0
2162	24	86	8.0
2163	24	87	8.0
2164	24	88	7.0
2165	24	89	8.0
2166	24	90	8.0
2167	24	91	8.0
2168	24	92	8.0
2169	24	93	8.0
2170	24	94	8.0
2171	24	95	8.0
2172	24	96	8.0
2173	24	97	7.0
2174	24	98	8.0
2175	24	99	8.0
2176	25	26	7.0
2177	25	27	0.0
2178	25	28	7.0
2179	25	29	0.0
2180	25	30	0.0
2181	25	31	0.0
2182	25	32	0.0
2183	25	33	0.0
2184	25	34	0.0
2185	25	35	6.0
2186	25	36	6.0
2187	25	37	0.0
2188	25	38	8.0
2189	25	39	3.0
2190	25	40	9.0
2191	25	41	3.0
2192	25	42	3.0
2193	25	43	3.0
2194	25	44	6.0
2195	25	45	6.0
2196	25	46	6.0
2197	25	47	0.0
2198	25	48	0.0
2199	25	49	6.0
2200	25	50	0.0
2201	25	51	0.0
2202	25	52	3.0
2203	25	53	0.0
2204	25	54	7.0
2205	25	55	7.0
2206	25	56	0.0
2207	25	57	0.0
2208	25	58	0.0
2209	25	59	0.0
2210	25	60	0.0
2211	25	61	0.0
2212	25	62	0.0
2213	25	63	6.0
2214	25	64	0.0
2215	25	65	3.0
2216	25	66	0.0
2217	25	67	0.0
2218	25	68	0.0
2219	25	69	0.0
2220	25	70	0.0
2221	25	71	3.0
2222	25	72	0.0
2223	25	73	3.0
2224	25	74	3.0
2225	25	75	0.0
2226	25	76	0.0
2227	25	77	0.0
2228	25	78	0.0
2229	25	79	0.0
2230	25	80	6.0
2231	25	81	0.0
2232	25	82	3.0
2233	25	83	3.0
2234	25	84	0.0
2235	25	85	0.0
2236	25	86	0.0
2237	25	87	0.0
2238	25	88	3.0
2239	25	89	0.0
2240	25	90	0.0
2241	25	91	0.0
2242	25	92	0.0
2243	25	93	0.0
2244	25	94	0.0
2245	25	95	0.0
2246	25	96	0.0
2247	25	97	3.0
2248	25	98	6.0
2249	25	99	6.0
2250	26	27	7.0
2251	26	28	0.0
2252	26	29	7.0
2253	26	30	7.0
2254	26	31	7.0
2255	26	32	7.0
2256	26	33	7.0
2257	26	34	7.0
2258	26	35	8.0
2259	26	36	8.0
2260	26	37	7.0
2261	26	38	6.0
2262	26	39	7.0
2263	26	40	2.0
2264	26	41	7.0
2265	26	42	7.0
2266	26	43	7.0
2267	26	44	4.0
2268	26	45	4.0
2269	26	46	4.0
2270	26	47	7.0
2271	26	48	7.0
2272	26	49	4.0
2273	26	50	7.0
2274	26	51	7.0
2275	26	52	7.0
2276	26	53	7.0
2277	26	54	0.0
2278	26	55	0.0
2279	26	56	7.0
2280	26	57	7.0
2281	26	58	7.0
2282	26	59	7.0
2283	26	60	7.0
2284	26	61	7.0
2285	26	62	7.0
2286	26	63	4.0
2287	26	64	7.0
2288	26	65	7.0
2289	26	66	7.0
2290	26	67	7.0
2291	26	68	7.0
2292	26	69	7.0
2293	26	70	7.0
2294	26	71	7.0
2295	26	72	7.0
2296	26	73	7.0
2297	26	74	7.0
2298	26	75	7.0
2299	26	76	7.0
2300	26	77	7.0
2301	26	78	7.0
2302	26	79	7.0
2303	26	80	4.0
2304	26	81	7.0
2305	26	82	7.0
2306	26	83	7.0
2307	26	84	7.0
2308	26	85	7.0
2309	26	86	7.0
2310	26	87	7.0
2311	26	88	7.0
2312	26	89	7.0
2313	26	90	7.0
2314	26	91	7.0
2315	26	92	7.0
2316	26	93	7.0
2317	26	94	7.0
2318	26	95	7.0
2319	26	96	7.0
2320	26	97	7.0
2321	26	98	8.0
2322	26	99	8.0
2323	27	28	7.0
2324	27	29	0.0
2325	27	30	0.0
2326	27	31	0.0
2327	27	32	0.0
2328	27	33	0.0
2329	27	34	0.0
2330	27	35	6.0
2331	27	36	6.0
2332	27	37	0.0
2333	27	38	8.0
2334	27	39	3.0
2335	27	40	9.0
2336	27	41	3.0
2337	27	42	3.0
2338	27	43	3.0
2339	27	44	6.0
2340	27	45	6.0
2341	27	46	6.0
2342	27	47	0.0
2343	27	48	0.0
2344	27	49	6.0
2345	27	50	0.0
2346	27	51	0.0
2347	27	52	3.0
2348	27	53	0.0
2349	27	54	7.0
2350	27	55	7.0
2351	27	56	0.0
2352	27	57	0.0
2353	27	58	0.0
2354	27	59	0.0
2355	27	60	0.0
2356	27	61	0.0
2357	27	62	0.0
2358	27	63	6.0
2359	27	64	0.0
2360	27	65	3.0
2361	27	66	0.0
2362	27	67	0.0
2363	27	68	0.0
2364	27	69	0.0
2365	27	70	0.0
2366	27	71	3.0
2367	27	72	0.0
2368	27	73	3.0
2369	27	74	3.0
2370	27	75	0.0
2371	27	76	0.0
2372	27	77	0.0
2373	27	78	0.0
2374	27	79	0.0
2375	27	80	6.0
2376	27	81	0.0
2377	27	82	3.0
2378	27	83	3.0
2379	27	84	0.0
2380	27	85	0.0
2381	27	86	0.0
2382	27	87	0.0
2383	27	88	3.0
2384	27	89	0.0
2385	27	90	0.0
2386	27	91	0.0
2387	27	92	0.0
2388	27	93	0.0
2389	27	94	0.0
2390	27	95	0.0
2391	27	96	0.0
2392	27	97	3.0
2393	27	98	6.0
2394	27	99	6.0
2395	28	29	7.0
2396	28	30	7.0
2397	28	31	7.0
2398	28	32	7.0
2399	28	33	7.0
2400	28	34	7.0
2401	28	35	8.0
2402	28	36	8.0
2403	28	37	7.0
2404	28	38	6.0
2405	28	39	7.0
2406	28	40	2.0
2407	28	41	7.0
2408	28	42	7.0
2409	28	43	7.0
2410	28	44	4.0
2411	28	45	4.0
2412	28	46	4.0
2413	28	47	7.0
2414	28	48	7.0
2415	28	49	4.0
2416	28	50	7.0
2417	28	51	7.0
2418	28	52	7.0
2419	28	53	7.0
2420	28	54	0.0
2421	28	55	0.0
2422	28	56	7.0
2423	28	57	7.0
2424	28	58	7.0
2425	28	59	7.0
2426	28	60	7.0
2427	28	61	7.0
2428	28	62	7.0
2429	28	63	4.0
2430	28	64	7.0
2431	28	65	7.0
2432	28	66	7.0
2433	28	67	7.0
2434	28	68	7.0
2435	28	69	7.0
2436	28	70	7.0
2437	28	71	7.0
2438	28	72	7.0
2439	28	73	7.0
2440	28	74	7.0
2441	28	75	7.0
2442	28	76	7.0
2443	28	77	7.0
2444	28	78	7.0
2445	28	79	7.0
2446	28	80	4.0
2447	28	81	7.0
2448	28	82	7.0
2449	28	83	7.0
2450	28	84	7.0
2451	28	85	7.0
2452	28	86	7.0
2453	28	87	7.0
2454	28	88	7.0
2455	28	89	7.0
2456	28	90	7.0
2457	28	91	7.0
2458	28	92	7.0
2459	28	93	7.0
2460	28	94	7.0
2461	28	95	7.0
2462	28	96	7.0
2463	28	97	7.0
2464	28	98	8.0
2465	28	99	8.0
2466	29	30	0.0
2467	29	31	0.0
2468	29	32	0.0
2469	29	33	0.0
2470	29	34	0.0
2471	29	35	6.0
2472	29	36	6.0
2473	29	37	0.0
2474	29	38	8.0
2475	29	39	3.0
2476	29	40	9.0
2477	29	41	3.0
2478	29	42	3.0
2479	29	43	3.0
2480	29	44	6.0
2481	29	45	6.0
2482	29	46	6.0
2483	29	47	0.0
2484	29	48	0.0
2485	29	49	6.0
2486	29	50	0.0
2487	29	51	0.0
2488	29	52	3.0
2489	29	53	0.0
2490	29	54	7.0
2491	29	55	7.0
2492	29	56	0.0
2493	29	57	0.0
2494	29	58	0.0
2495	29	59	0.0
2496	29	60	0.0
2497	29	61	0.0
2498	29	62	0.0
2499	29	63	6.0
2500	29	64	0.0
2501	29	65	3.0
2502	29	66	0.0
2503	29	67	0.0
2504	29	68	0.0
2505	29	69	0.0
2506	29	70	0.0
2507	29	71	3.0
2508	29	72	0.0
2509	29	73	3.0
2510	29	74	3.0
2511	29	75	0.0
2512	29	76	0.0
2513	29	77	0.0
2514	29	78	0.0
2515	29	79	0.0
2516	29	80	6.0
2517	29	81	0.0
2518	29	82	3.0
2519	29	83	3.0
2520	29	84	0.0
2521	29	85	0.0
2522	29	86	0.0
2523	29	87	0.0
2524	29	88	3.0
2525	29	89	0.0
2526	29	90	0.0
2527	29	91	0.0
2528	29	92	0.0
2529	29	93	0.0
2530	29	94	0.0
2531	29	95	0.0
2532	29	96	0.0
2533	29	97	3.0
2534	29	98	6.0
2535	29	99	6.0
2536	30	31	0.0
2537	30	32	0.0
2538	30	33	0.0
2539	30	34	0.0
2540	30	35	6.0
2541	30	36	6.0
2542	30	37	0.0
2543	30	38	8.0
2544	30	39	3.0
2545	30	40	9.0
2546	30	41	3.0
2547	30	42	3.0
2548	30	43	3.0
2549	30	44	6.0
2550	30	45	6.0
2551	30	46	6.0
2552	30	47	0.0
2553	30	48	0.0
2554	30	49	6.0
2555	30	50	0.0
2556	30	51	0.0
2557	30	52	3.0
2558	30	53	0.0
2559	30	54	7.0
2560	30	55	7.0
2561	30	56	0.0
2562	30	57	0.0
2563	30	58	0.0
2564	30	59	0.0
2565	30	60	0.0
2566	30	61	0.0
2567	30	62	0.0
2568	30	63	6.0
2569	30	64	0.0
2570	30	65	3.0
2571	30	66	0.0
2572	30	67	0.0
2573	30	68	0.0
2574	30	69	0.0
2575	30	70	0.0
2576	30	71	3.0
2577	30	72	0.0
2578	30	73	3.0
2579	30	74	3.0
2580	30	75	0.0
2581	30	76	0.0
2582	30	77	0.0
2583	30	78	0.0
2584	30	79	0.0
2585	30	80	6.0
2586	30	81	0.0
2587	30	82	3.0
2588	30	83	3.0
2589	30	84	0.0
2590	30	85	0.0
2591	30	86	0.0
2592	30	87	0.0
2593	30	88	3.0
2594	30	89	0.0
2595	30	90	0.0
2596	30	91	0.0
2597	30	92	0.0
2598	30	93	0.0
2599	30	94	0.0
2600	30	95	0.0
2601	30	96	0.0
2602	30	97	3.0
2603	30	98	6.0
2604	30	99	6.0
2605	31	32	0.0
2606	31	33	0.0
2607	31	34	0.0
2608	31	35	6.0
2609	31	36	6.0
2610	31	37	0.0
2611	31	38	8.0
2612	31	39	3.0
2613	31	40	9.0
2614	31	41	3.0
2615	31	42	3.0
2616	31	43	3.0
2617	31	44	6.0
2618	31	45	6.0
2619	31	46	6.0
2620	31	47	0.0
2621	31	48	0.0
2622	31	49	6.0
2623	31	50	0.0
2624	31	51	0.0
2625	31	52	3.0
2626	31	53	0.0
2627	31	54	7.0
2628	31	55	7.0
2629	31	56	0.0
2630	31	57	0.0
2631	31	58	0.0
2632	31	59	0.0
2633	31	60	0.0
2634	31	61	0.0
2635	31	62	0.0
2636	31	63	6.0
2637	31	64	0.0
2638	31	65	3.0
2639	31	66	0.0
2640	31	67	0.0
2641	31	68	0.0
2642	31	69	0.0
2643	31	70	0.0
2644	31	71	3.0
2645	31	72	0.0
2646	31	73	3.0
2647	31	74	3.0
2648	31	75	0.0
2649	31	76	0.0
2650	31	77	0.0
2651	31	78	0.0
2652	31	79	0.0
2653	31	80	6.0
2654	31	81	0.0
2655	31	82	3.0
2656	31	83	3.0
2657	31	84	0.0
2658	31	85	0.0
2659	31	86	0.0
2660	31	87	0.0
2661	31	88	3.0
2662	31	89	0.0
2663	31	90	0.0
2664	31	91	0.0
2665	31	92	0.0
2666	31	93	0.0
2667	31	94	0.0
2668	31	95	0.0
2669	31	96	0.0
2670	31	97	3.0
2671	31	98	6.0
2672	31	99	6.0
2673	32	33	0.0
2674	32	34	0.0
2675	32	35	6.0
2676	32	36	6.0
2677	32	37	0.0
2678	32	38	8.0
2679	32	39	3.0
2680	32	40	9.0
2681	32	41	3.0
2682	32	42	3.0
2683	32	43	3.0
2684	32	44	6.0
2685	32	45	6.0
2686	32	46	6.0
2687	32	47	0.0
2688	32	48	0.0
2689	32	49	6.0
2690	32	50	0.0
2691	32	51	0.0
2692	32	52	3.0
2693	32	53	0.0
2694	32	54	7.0
2695	32	55	7.0
2696	32	56	0.0
2697	32	57	0.0
2698	32	58	0.0
2699	32	59	0.0
2700	32	60	0.0
2701	32	61	0.0
2702	32	62	0.0
2703	32	63	6.0
2704	32	64	0.0
2705	32	65	3.0
2706	32	66	0.0
2707	32	67	0.0
2708	32	68	0.0
2709	32	69	0.0
2710	32	70	0.0
2711	32	71	3.0
2712	32	72	0.0
2713	32	73	3.0
2714	32	74	3.0
2715	32	75	0.0
2716	32	76	0.0
2717	32	77	0.0
2718	32	78	0.0
2719	32	79	0.0
2720	32	80	6.0
2721	32	81	0.0
2722	32	82	3.0
2723	32	83	3.0
2724	32	84	0.0
2725	32	85	0.0
2726	32	86	0.0
2727	32	87	0.0
2728	32	88	3.0
2729	32	89	0.0
2730	32	90	0.0
2731	32	91	0.0
2732	32	92	0.0
2733	32	93	0.0
2734	32	94	0.0
2735	32	95	0.0
2736	32	96	0.0
2737	32	97	3.0
2738	32	98	6.0
2739	32	99	6.0
2740	33	34	0.0
2741	33	35	6.0
2742	33	36	6.0
2743	33	37	0.0
2744	33	38	8.0
2745	33	39	3.0
2746	33	40	9.0
2747	33	41	3.0
2748	33	42	3.0
2749	33	43	3.0
2750	33	44	6.0
2751	33	45	6.0
2752	33	46	6.0
2753	33	47	0.0
2754	33	48	0.0
2755	33	49	6.0
2756	33	50	0.0
2757	33	51	0.0
2758	33	52	3.0
2759	33	53	0.0
2760	33	54	7.0
2761	33	55	7.0
2762	33	56	0.0
2763	33	57	0.0
2764	33	58	0.0
2765	33	59	0.0
2766	33	60	0.0
2767	33	61	0.0
2768	33	62	0.0
2769	33	63	6.0
2770	33	64	0.0
2771	33	65	3.0
2772	33	66	0.0
2773	33	67	0.0
2774	33	68	0.0
2775	33	69	0.0
2776	33	70	0.0
2777	33	71	3.0
2778	33	72	0.0
2779	33	73	3.0
2780	33	74	3.0
2781	33	75	0.0
2782	33	76	0.0
2783	33	77	0.0
2784	33	78	0.0
2785	33	79	0.0
2786	33	80	6.0
2787	33	81	0.0
2788	33	82	3.0
2789	33	83	3.0
2790	33	84	0.0
2791	33	85	0.0
2792	33	86	0.0
2793	33	87	0.0
2794	33	88	3.0
2795	33	89	0.0
2796	33	90	0.0
2797	33	91	0.0
2798	33	92	0.0
2799	33	93	0.0
2800	33	94	0.0
2801	33	95	0.0
2802	33	96	0.0
2803	33	97	3.0
2804	33	98	6.0
2805	33	99	6.0
2806	34	35	6.0
2807	34	36	6.0
2808	34	37	0.0
2809	34	38	8.0
2810	34	39	3.0
2811	34	40	9.0
2812	34	41	3.0
2813	34	42	3.0
2814	34	43	3.0
2815	34	44	6.0
2816	34	45	6.0
2817	34	46	6.0
2818	34	47	0.0
2819	34	48	0.0
2820	34	49	6.0
2821	34	50	0.0
2822	34	51	0.0
2823	34	52	3.0
2824	34	53	0.0
2825	34	54	7.0
2826	34	55	7.0
2827	34	56	0.0
2828	34	57	0.0
2829	34	58	0.0
2830	34	59	0.0
2831	34	60	0.0
2832	34	61	0.0
2833	34	62	0.0
2834	34	63	6.0
2835	34	64	0.0
2836	34	65	3.0
2837	34	66	0.0
2838	34	67	0.0
2839	34	68	0.0
2840	34	69	0.0
2841	34	70	0.0
2842	34	71	3.0
2843	34	72	0.0
2844	34	73	3.0
2845	34	74	3.0
2846	34	75	0.0
2847	34	76	0.0
2848	34	77	0.0
2849	34	78	0.0
2850	34	79	0.0
2851	34	80	6.0
2852	34	81	0.0
2853	34	82	3.0
2854	34	83	3.0
2855	34	84	0.0
2856	34	85	0.0
2857	34	86	0.0
2858	34	87	0.0
2859	34	88	3.0
2860	34	89	0.0
2861	34	90	0.0
2862	34	91	0.0
2863	34	92	0.0
2864	34	93	0.0
2865	34	94	0.0
2866	34	95	0.0
2867	34	96	0.0
2868	34	97	3.0
2869	34	98	6.0
2870	34	99	6.0
2871	35	36	0.0
2872	35	37	6.0
2873	35	38	8.0
2874	35	39	3.0
2875	35	40	10.0
2876	35	41	3.0
2877	35	42	3.0
2878	35	43	3.0
2879	35	44	9.0
2880	35	45	9.0
2881	35	46	9.0
2882	35	47	6.0
2883	35	48	6.0
2884	35	49	9.0
2885	35	50	6.0
2886	35	51	6.0
2887	35	52	3.0
2888	35	53	6.0
2889	35	54	8.0
2890	35	55	8.0
2891	35	56	6.0
2892	35	57	6.0
2893	35	58	6.0
2894	35	59	6.0
2895	35	60	6.0
2896	35	61	6.0
2897	35	62	6.0
2898	35	63	9.0
2899	35	64	6.0
2900	35	65	3.0
2901	35	66	6.0
2902	35	67	6.0
2903	35	68	6.0
2904	35	69	6.0
2905	35	70	6.0
2906	35	71	3.0
2907	35	72	6.0
2908	35	73	3.0
2909	35	74	3.0
2910	35	75	6.0
2911	35	76	6.0
2912	35	77	6.0
2913	35	78	6.0
2914	35	79	6.0
2915	35	80	9.0
2916	35	81	6.0
2917	35	82	3.0
2918	35	83	3.0
2919	35	84	6.0
2920	35	85	6.0
2921	35	86	6.0
2922	35	87	6.0
2923	35	88	3.0
2924	35	89	6.0
2925	35	90	6.0
2926	35	91	6.0
2927	35	92	6.0
2928	35	93	6.0
2929	35	94	6.0
2930	35	95	6.0
2931	35	96	6.0
2932	35	97	3.0
2933	35	98	0.0
2934	35	99	0.0
2935	36	37	6.0
2936	36	38	8.0
2937	36	39	3.0
2938	36	40	10.0
2939	36	41	3.0
2940	36	42	3.0
2941	36	43	3.0
2942	36	44	9.0
2943	36	45	9.0
2944	36	46	9.0
2945	36	47	6.0
2946	36	48	6.0
2947	36	49	9.0
2948	36	50	6.0
2949	36	51	6.0
2950	36	52	3.0
2951	36	53	6.0
2952	36	54	8.0
2953	36	55	8.0
2954	36	56	6.0
2955	36	57	6.0
2956	36	58	6.0
2957	36	59	6.0
2958	36	60	6.0
2959	36	61	6.0
2960	36	62	6.0
2961	36	63	9.0
2962	36	64	6.0
2963	36	65	3.0
2964	36	66	6.0
2965	36	67	6.0
2966	36	68	6.0
2967	36	69	6.0
2968	36	70	6.0
2969	36	71	3.0
2970	36	72	6.0
2971	36	73	3.0
2972	36	74	3.0
2973	36	75	6.0
2974	36	76	6.0
2975	36	77	6.0
2976	36	78	6.0
2977	36	79	6.0
2978	36	80	9.0
2979	36	81	6.0
2980	36	82	3.0
2981	36	83	3.0
2982	36	84	6.0
2983	36	85	6.0
2984	36	86	6.0
2985	36	87	6.0
2986	36	88	3.0
2987	36	89	6.0
2988	36	90	6.0
2989	36	91	6.0
2990	36	92	6.0
2991	36	93	6.0
2992	36	94	6.0
2993	36	95	6.0
2994	36	96	6.0
2995	36	97	3.0
2996	36	98	0.0
2997	36	99	0.0
2998	37	38	8.0
2999	37	39	3.0
3000	37	40	9.0
3001	37	41	3.0
3002	37	42	3.0
3003	37	43	3.0
3004	37	44	6.0
3005	37	45	6.0
3006	37	46	6.0
3007	37	47	0.0
3008	37	48	0.0
3009	37	49	6.0
3010	37	50	0.0
3011	37	51	0.0
3012	37	52	3.0
3013	37	53	0.0
3014	37	54	7.0
3015	37	55	7.0
3016	37	56	0.0
3017	37	57	0.0
3018	37	58	0.0
3019	37	59	0.0
3020	37	60	0.0
3021	37	61	0.0
3022	37	62	0.0
3023	37	63	6.0
3024	37	64	0.0
3025	37	65	3.0
3026	37	66	0.0
3027	37	67	0.0
3028	37	68	0.0
3029	37	69	0.0
3030	37	70	0.0
3031	37	71	3.0
3032	37	72	0.0
3033	37	73	3.0
3034	37	74	3.0
3035	37	75	0.0
3036	37	76	0.0
3037	37	77	0.0
3038	37	78	0.0
3039	37	79	0.0
3040	37	80	6.0
3041	37	81	0.0
3042	37	82	3.0
3043	37	83	3.0
3044	37	84	0.0
3045	37	85	0.0
3046	37	86	0.0
3047	37	87	0.0
3048	37	88	3.0
3049	37	89	0.0
3050	37	90	0.0
3051	37	91	0.0
3052	37	92	0.0
3053	37	93	0.0
3054	37	94	0.0
3055	37	95	0.0
3056	37	96	0.0
3057	37	97	3.0
3058	37	98	6.0
3059	37	99	6.0
3060	38	39	7.0
3061	38	40	8.0
3062	38	41	7.0
3063	38	42	7.0
3064	38	43	7.0
3065	38	44	4.0
3066	38	45	4.0
3067	38	46	4.0
3068	38	47	8.0
3069	38	48	8.0
3070	38	49	4.0
3071	38	50	8.0
3072	38	51	8.0
3073	38	52	7.0
3074	38	53	8.0
3075	38	54	6.0
3076	38	55	6.0
3077	38	56	8.0
3078	38	57	8.0
3079	38	58	8.0
3080	38	59	8.0
3081	38	60	8.0
3082	38	61	8.0
3083	38	62	8.0
3084	38	63	4.0
3085	38	64	8.0
3086	38	65	7.0
3087	38	66	8.0
3088	38	67	8.0
3089	38	68	8.0
3090	38	69	8.0
3091	38	70	8.0
3092	38	71	7.0
3093	38	72	8.0
3094	38	73	7.0
3095	38	74	7.0
3096	38	75	8.0
3097	38	76	8.0
3098	38	77	8.0
3099	38	78	8.0
3100	38	79	8.0
3101	38	80	4.0
3102	38	81	8.0
3103	38	82	7.0
3104	38	83	7.0
3105	38	84	8.0
3106	38	85	8.0
3107	38	86	8.0
3108	38	87	8.0
3109	38	88	7.0
3110	38	89	8.0
3111	38	90	8.0
3112	38	91	8.0
3113	38	92	8.0
3114	38	93	8.0
3115	38	94	8.0
3116	38	95	8.0
3117	38	96	8.0
3118	38	97	7.0
3119	38	98	8.0
3120	38	99	8.0
3121	39	40	9.0
3122	39	41	0.0
3123	39	42	0.0
3124	39	43	0.0
3125	39	44	7.0
3126	39	45	7.0
3127	39	46	7.0
3128	39	47	3.0
3129	39	48	3.0
3130	39	49	7.0
3131	39	50	3.0
3132	39	51	3.0
3133	39	52	0.0
3134	39	53	3.0
3135	39	54	7.0
3136	39	55	7.0
3137	39	56	3.0
3138	39	57	3.0
3139	39	58	3.0
3140	39	59	3.0
3141	39	60	3.0
3142	39	61	3.0
3143	39	62	3.0
3144	39	63	7.0
3145	39	64	3.0
3146	39	65	0.0
3147	39	66	3.0
3148	39	67	3.0
3149	39	68	3.0
3150	39	69	3.0
3151	39	70	3.0
3152	39	71	0.0
3153	39	72	3.0
3154	39	73	0.0
3155	39	74	0.0
3156	39	75	3.0
3157	39	76	3.0
3158	39	77	3.0
3159	39	78	3.0
3160	39	79	3.0
3161	39	80	7.0
3162	39	81	3.0
3163	39	82	0.0
3164	39	83	0.0
3165	39	84	3.0
3166	39	85	3.0
3167	39	86	3.0
3168	39	87	3.0
3169	39	88	0.0
3170	39	89	3.0
3171	39	90	3.0
3172	39	91	3.0
3173	39	92	3.0
3174	39	93	3.0
3175	39	94	3.0
3176	39	95	3.0
3177	39	96	3.0
3178	39	97	0.0
3179	39	98	3.0
3180	39	99	3.0
3181	40	41	9.0
3182	40	42	9.0
3183	40	43	9.0
3184	40	44	6.0
3185	40	45	6.0
3186	40	46	6.0
3187	40	47	9.0
3188	40	48	9.0
3189	40	49	6.0
3190	40	50	9.0
3191	40	51	9.0
3192	40	52	9.0
3193	40	53	9.0
3194	40	54	2.0
3195	40	55	2.0
3196	40	56	9.0
3197	40	57	9.0
3198	40	58	9.0
3199	40	59	9.0
3200	40	60	9.0
3201	40	61	9.0
3202	40	62	9.0
3203	40	63	6.0
3204	40	64	9.0
3205	40	65	9.0
3206	40	66	9.0
3207	40	67	9.0
3208	40	68	9.0
3209	40	69	9.0
3210	40	70	9.0
3211	40	71	9.0
3212	40	72	9.0
3213	40	73	9.0
3214	40	74	9.0
3215	40	75	9.0
3216	40	76	9.0
3217	40	77	9.0
3218	40	78	9.0
3219	40	79	9.0
3220	40	80	6.0
3221	40	81	9.0
3222	40	82	9.0
3223	40	83	9.0
3224	40	84	9.0
3225	40	85	9.0
3226	40	86	9.0
3227	40	87	9.0
3228	40	88	9.0
3229	40	89	9.0
3230	40	90	9.0
3231	40	91	9.0
3232	40	92	9.0
3233	40	93	9.0
3234	40	94	9.0
3235	40	95	9.0
3236	40	96	9.0
3237	40	97	9.0
3238	40	98	10.0
3239	40	99	10.0
3240	41	42	0.0
3241	41	43	0.0
3242	41	44	7.0
3243	41	45	7.0
3244	41	46	7.0
3245	41	47	3.0
3246	41	48	3.0
3247	41	49	7.0
3248	41	50	3.0
3249	41	51	3.0
3250	41	52	0.0
3251	41	53	3.0
3252	41	54	7.0
3253	41	55	7.0
3254	41	56	3.0
3255	41	57	3.0
3256	41	58	3.0
3257	41	59	3.0
3258	41	60	3.0
3259	41	61	3.0
3260	41	62	3.0
3261	41	63	7.0
3262	41	64	3.0
3263	41	65	0.0
3264	41	66	3.0
3265	41	67	3.0
3266	41	68	3.0
3267	41	69	3.0
3268	41	70	3.0
3269	41	71	0.0
3270	41	72	3.0
3271	41	73	0.0
3272	41	74	0.0
3273	41	75	3.0
3274	41	76	3.0
3275	41	77	3.0
3276	41	78	3.0
3277	41	79	3.0
3278	41	80	7.0
3279	41	81	3.0
3280	41	82	0.0
3281	41	83	0.0
3282	41	84	3.0
3283	41	85	3.0
3284	41	86	3.0
3285	41	87	3.0
3286	41	88	0.0
3287	41	89	3.0
3288	41	90	3.0
3289	41	91	3.0
3290	41	92	3.0
3291	41	93	3.0
3292	41	94	3.0
3293	41	95	3.0
3294	41	96	3.0
3295	41	97	0.0
3296	41	98	3.0
3297	41	99	3.0
3298	42	43	0.0
3299	42	44	7.0
3300	42	45	7.0
3301	42	46	7.0
3302	42	47	3.0
3303	42	48	3.0
3304	42	49	7.0
3305	42	50	3.0
3306	42	51	3.0
3307	42	52	0.0
3308	42	53	3.0
3309	42	54	7.0
3310	42	55	7.0
3311	42	56	3.0
3312	42	57	3.0
3313	42	58	3.0
3314	42	59	3.0
3315	42	60	3.0
3316	42	61	3.0
3317	42	62	3.0
3318	42	63	7.0
3319	42	64	3.0
3320	42	65	0.0
3321	42	66	3.0
3322	42	67	3.0
3323	42	68	3.0
3324	42	69	3.0
3325	42	70	3.0
3326	42	71	0.0
3327	42	72	3.0
3328	42	73	0.0
3329	42	74	0.0
3330	42	75	3.0
3331	42	76	3.0
3332	42	77	3.0
3333	42	78	3.0
3334	42	79	3.0
3335	42	80	7.0
3336	42	81	3.0
3337	42	82	0.0
3338	42	83	0.0
3339	42	84	3.0
3340	42	85	3.0
3341	42	86	3.0
3342	42	87	3.0
3343	42	88	0.0
3344	42	89	3.0
3345	42	90	3.0
3346	42	91	3.0
3347	42	92	3.0
3348	42	93	3.0
3349	42	94	3.0
3350	42	95	3.0
3351	42	96	3.0
3352	42	97	0.0
3353	42	98	3.0
3354	42	99	3.0
3355	43	44	7.0
3356	43	45	7.0
3357	43	46	7.0
3358	43	47	3.0
3359	43	48	3.0
3360	43	49	7.0
3361	43	50	3.0
3362	43	51	3.0
3363	43	52	0.0
3364	43	53	3.0
3365	43	54	7.0
3366	43	55	7.0
3367	43	56	3.0
3368	43	57	3.0
3369	43	58	3.0
3370	43	59	3.0
3371	43	60	3.0
3372	43	61	3.0
3373	43	62	3.0
3374	43	63	7.0
3375	43	64	3.0
3376	43	65	0.0
3377	43	66	3.0
3378	43	67	3.0
3379	43	68	3.0
3380	43	69	3.0
3381	43	70	3.0
3382	43	71	0.0
3383	43	72	3.0
3384	43	73	0.0
3385	43	74	0.0
3386	43	75	3.0
3387	43	76	3.0
3388	43	77	3.0
3389	43	78	3.0
3390	43	79	3.0
3391	43	80	7.0
3392	43	81	3.0
3393	43	82	0.0
3394	43	83	0.0
3395	43	84	3.0
3396	43	85	3.0
3397	43	86	3.0
3398	43	87	3.0
3399	43	88	0.0
3400	43	89	3.0
3401	43	90	3.0
3402	43	91	3.0
3403	43	92	3.0
3404	43	93	3.0
3405	43	94	3.0
3406	43	95	3.0
3407	43	96	3.0
3408	43	97	0.0
3409	43	98	3.0
3410	43	99	3.0
3411	44	45	0.0
3412	44	46	0.0
3413	44	47	6.0
3414	44	48	6.0
3415	44	49	0.0
3416	44	50	6.0
3417	44	51	6.0
3418	44	52	7.0
3419	44	53	6.0
3420	44	54	4.0
3421	44	55	4.0
3422	44	56	6.0
3423	44	57	6.0
3424	44	58	6.0
3425	44	59	6.0
3426	44	60	6.0
3427	44	61	6.0
3428	44	62	6.0
3429	44	63	0.0
3430	44	64	6.0
3431	44	65	7.0
3432	44	66	6.0
3433	44	67	6.0
3434	44	68	6.0
3435	44	69	6.0
3436	44	70	6.0
3437	44	71	7.0
3438	44	72	6.0
3439	44	73	7.0
3440	44	74	7.0
3441	44	75	6.0
3442	44	76	6.0
3443	44	77	6.0
3444	44	78	6.0
3445	44	79	6.0
3446	44	80	0.0
3447	44	81	6.0
3448	44	82	7.0
3449	44	83	7.0
3450	44	84	6.0
3451	44	85	6.0
3452	44	86	6.0
3453	44	87	6.0
3454	44	88	7.0
3455	44	89	6.0
3456	44	90	6.0
3457	44	91	6.0
3458	44	92	6.0
3459	44	93	6.0
3460	44	94	6.0
3461	44	95	6.0
3462	44	96	6.0
3463	44	97	7.0
3464	44	98	9.0
3465	44	99	9.0
3466	45	46	0.0
3467	45	47	6.0
3468	45	48	6.0
3469	45	49	0.0
3470	45	50	6.0
3471	45	51	6.0
3472	45	52	7.0
3473	45	53	6.0
3474	45	54	4.0
3475	45	55	4.0
3476	45	56	6.0
3477	45	57	6.0
3478	45	58	6.0
3479	45	59	6.0
3480	45	60	6.0
3481	45	61	6.0
3482	45	62	6.0
3483	45	63	0.0
3484	45	64	6.0
3485	45	65	7.0
3486	45	66	6.0
3487	45	67	6.0
3488	45	68	6.0
3489	45	69	6.0
3490	45	70	6.0
3491	45	71	7.0
3492	45	72	6.0
3493	45	73	7.0
3494	45	74	7.0
3495	45	75	6.0
3496	45	76	6.0
3497	45	77	6.0
3498	45	78	6.0
3499	45	79	6.0
3500	45	80	0.0
3501	45	81	6.0
3502	45	82	7.0
3503	45	83	7.0
3504	45	84	6.0
3505	45	85	6.0
3506	45	86	6.0
3507	45	87	6.0
3508	45	88	7.0
3509	45	89	6.0
3510	45	90	6.0
3511	45	91	6.0
3512	45	92	6.0
3513	45	93	6.0
3514	45	94	6.0
3515	45	95	6.0
3516	45	96	6.0
3517	45	97	7.0
3518	45	98	9.0
3519	45	99	9.0
3520	46	47	6.0
3521	46	48	6.0
3522	46	49	0.0
3523	46	50	6.0
3524	46	51	6.0
3525	46	52	7.0
3526	46	53	6.0
3527	46	54	4.0
3528	46	55	4.0
3529	46	56	6.0
3530	46	57	6.0
3531	46	58	6.0
3532	46	59	6.0
3533	46	60	6.0
3534	46	61	6.0
3535	46	62	6.0
3536	46	63	0.0
3537	46	64	6.0
3538	46	65	7.0
3539	46	66	6.0
3540	46	67	6.0
3541	46	68	6.0
3542	46	69	6.0
3543	46	70	6.0
3544	46	71	7.0
3545	46	72	6.0
3546	46	73	7.0
3547	46	74	7.0
3548	46	75	6.0
3549	46	76	6.0
3550	46	77	6.0
3551	46	78	6.0
3552	46	79	6.0
3553	46	80	0.0
3554	46	81	6.0
3555	46	82	7.0
3556	46	83	7.0
3557	46	84	6.0
3558	46	85	6.0
3559	46	86	6.0
3560	46	87	6.0
3561	46	88	7.0
3562	46	89	6.0
3563	46	90	6.0
3564	46	91	6.0
3565	46	92	6.0
3566	46	93	6.0
3567	46	94	6.0
3568	46	95	6.0
3569	46	96	6.0
3570	46	97	7.0
3571	46	98	9.0
3572	46	99	9.0
3573	47	48	0.0
3574	47	49	6.0
3575	47	50	0.0
3576	47	51	0.0
3577	47	52	3.0
3578	47	53	0.0
3579	47	54	7.0
3580	47	55	7.0
3581	47	56	0.0
3582	47	57	0.0
3583	47	58	0.0
3584	47	59	0.0
3585	47	60	0.0
3586	47	61	0.0
3587	47	62	0.0
3588	47	63	6.0
3589	47	64	0.0
3590	47	65	3.0
3591	47	66	0.0
3592	47	67	0.0
3593	47	68	0.0
3594	47	69	0.0
3595	47	70	0.0
3596	47	71	3.0
3597	47	72	0.0
3598	47	73	3.0
3599	47	74	3.0
3600	47	75	0.0
3601	47	76	0.0
3602	47	77	0.0
3603	47	78	0.0
3604	47	79	0.0
3605	47	80	6.0
3606	47	81	0.0
3607	47	82	3.0
3608	47	83	3.0
3609	47	84	0.0
3610	47	85	0.0
3611	47	86	0.0
3612	47	87	0.0
3613	47	88	3.0
3614	47	89	0.0
3615	47	90	0.0
3616	47	91	0.0
3617	47	92	0.0
3618	47	93	0.0
3619	47	94	0.0
3620	47	95	0.0
3621	47	96	0.0
3622	47	97	3.0
3623	47	98	6.0
3624	47	99	6.0
3625	48	49	6.0
3626	48	50	0.0
3627	48	51	0.0
3628	48	52	3.0
3629	48	53	0.0
3630	48	54	7.0
3631	48	55	7.0
3632	48	56	0.0
3633	48	57	0.0
3634	48	58	0.0
3635	48	59	0.0
3636	48	60	0.0
3637	48	61	0.0
3638	48	62	0.0
3639	48	63	6.0
3640	48	64	0.0
3641	48	65	3.0
3642	48	66	0.0
3643	48	67	0.0
3644	48	68	0.0
3645	48	69	0.0
3646	48	70	0.0
3647	48	71	3.0
3648	48	72	0.0
3649	48	73	3.0
3650	48	74	3.0
3651	48	75	0.0
3652	48	76	0.0
3653	48	77	0.0
3654	48	78	0.0
3655	48	79	0.0
3656	48	80	6.0
3657	48	81	0.0
3658	48	82	3.0
3659	48	83	3.0
3660	48	84	0.0
3661	48	85	0.0
3662	48	86	0.0
3663	48	87	0.0
3664	48	88	3.0
3665	48	89	0.0
3666	48	90	0.0
3667	48	91	0.0
3668	48	92	0.0
3669	48	93	0.0
3670	48	94	0.0
3671	48	95	0.0
3672	48	96	0.0
3673	48	97	3.0
3674	48	98	6.0
3675	48	99	6.0
3676	49	50	6.0
3677	49	51	6.0
3678	49	52	7.0
3679	49	53	6.0
3680	49	54	4.0
3681	49	55	4.0
3682	49	56	6.0
3683	49	57	6.0
3684	49	58	6.0
3685	49	59	6.0
3686	49	60	6.0
3687	49	61	6.0
3688	49	62	6.0
3689	49	63	0.0
3690	49	64	6.0
3691	49	65	7.0
3692	49	66	6.0
3693	49	67	6.0
3694	49	68	6.0
3695	49	69	6.0
3696	49	70	6.0
3697	49	71	7.0
3698	49	72	6.0
3699	49	73	7.0
3700	49	74	7.0
3701	49	75	6.0
3702	49	76	6.0
3703	49	77	6.0
3704	49	78	6.0
3705	49	79	6.0
3706	49	80	0.0
3707	49	81	6.0
3708	49	82	7.0
3709	49	83	7.0
3710	49	84	6.0
3711	49	85	6.0
3712	49	86	6.0
3713	49	87	6.0
3714	49	88	7.0
3715	49	89	6.0
3716	49	90	6.0
3717	49	91	6.0
3718	49	92	6.0
3719	49	93	6.0
3720	49	94	6.0
3721	49	95	6.0
3722	49	96	6.0
3723	49	97	7.0
3724	49	98	9.0
3725	49	99	9.0
3726	50	51	0.0
3727	50	52	3.0
3728	50	53	0.0
3729	50	54	7.0
3730	50	55	7.0
3731	50	56	0.0
3732	50	57	0.0
3733	50	58	0.0
3734	50	59	0.0
3735	50	60	0.0
3736	50	61	0.0
3737	50	62	0.0
3738	50	63	6.0
3739	50	64	0.0
3740	50	65	3.0
3741	50	66	0.0
3742	50	67	0.0
3743	50	68	0.0
3744	50	69	0.0
3745	50	70	0.0
3746	50	71	3.0
3747	50	72	0.0
3748	50	73	3.0
3749	50	74	3.0
3750	50	75	0.0
3751	50	76	0.0
3752	50	77	0.0
3753	50	78	0.0
3754	50	79	0.0
3755	50	80	6.0
3756	50	81	0.0
3757	50	82	3.0
3758	50	83	3.0
3759	50	84	0.0
3760	50	85	0.0
3761	50	86	0.0
3762	50	87	0.0
3763	50	88	3.0
3764	50	89	0.0
3765	50	90	0.0
3766	50	91	0.0
3767	50	92	0.0
3768	50	93	0.0
3769	50	94	0.0
3770	50	95	0.0
3771	50	96	0.0
3772	50	97	3.0
3773	50	98	6.0
3774	50	99	6.0
3775	51	52	3.0
3776	51	53	0.0
3777	51	54	7.0
3778	51	55	7.0
3779	51	56	0.0
3780	51	57	0.0
3781	51	58	0.0
3782	51	59	0.0
3783	51	60	0.0
3784	51	61	0.0
3785	51	62	0.0
3786	51	63	6.0
3787	51	64	0.0
3788	51	65	3.0
3789	51	66	0.0
3790	51	67	0.0
3791	51	68	0.0
3792	51	69	0.0
3793	51	70	0.0
3794	51	71	3.0
3795	51	72	0.0
3796	51	73	3.0
3797	51	74	3.0
3798	51	75	0.0
3799	51	76	0.0
3800	51	77	0.0
3801	51	78	0.0
3802	51	79	0.0
3803	51	80	6.0
3804	51	81	0.0
3805	51	82	3.0
3806	51	83	3.0
3807	51	84	0.0
3808	51	85	0.0
3809	51	86	0.0
3810	51	87	0.0
3811	51	88	3.0
3812	51	89	0.0
3813	51	90	0.0
3814	51	91	0.0
3815	51	92	0.0
3816	51	93	0.0
3817	51	94	0.0
3818	51	95	0.0
3819	51	96	0.0
3820	51	97	3.0
3821	51	98	6.0
3822	51	99	6.0
3823	52	53	3.0
3824	52	54	7.0
3825	52	55	7.0
3826	52	56	3.0
3827	52	57	3.0
3828	52	58	3.0
3829	52	59	3.0
3830	52	60	3.0
3831	52	61	3.0
3832	52	62	3.0
3833	52	63	7.0
3834	52	64	3.0
3835	52	65	0.0
3836	52	66	3.0
3837	52	67	3.0
3838	52	68	3.0
3839	52	69	3.0
3840	52	70	3.0
3841	52	71	0.0
3842	52	72	3.0
3843	52	73	0.0
3844	52	74	0.0
3845	52	75	3.0
3846	52	76	3.0
3847	52	77	3.0
3848	52	78	3.0
3849	52	79	3.0
3850	52	80	7.0
3851	52	81	3.0
3852	52	82	0.0
3853	52	83	0.0
3854	52	84	3.0
3855	52	85	3.0
3856	52	86	3.0
3857	52	87	3.0
3858	52	88	0.0
3859	52	89	3.0
3860	52	90	3.0
3861	52	91	3.0
3862	52	92	3.0
3863	52	93	3.0
3864	52	94	3.0
3865	52	95	3.0
3866	52	96	3.0
3867	52	97	0.0
3868	52	98	3.0
3869	52	99	3.0
3870	53	54	7.0
3871	53	55	7.0
3872	53	56	0.0
3873	53	57	0.0
3874	53	58	0.0
3875	53	59	0.0
3876	53	60	0.0
3877	53	61	0.0
3878	53	62	0.0
3879	53	63	6.0
3880	53	64	0.0
3881	53	65	3.0
3882	53	66	0.0
3883	53	67	0.0
3884	53	68	0.0
3885	53	69	0.0
3886	53	70	0.0
3887	53	71	3.0
3888	53	72	0.0
3889	53	73	3.0
3890	53	74	3.0
3891	53	75	0.0
3892	53	76	0.0
3893	53	77	0.0
3894	53	78	0.0
3895	53	79	0.0
3896	53	80	6.0
3897	53	81	0.0
3898	53	82	3.0
3899	53	83	3.0
3900	53	84	0.0
3901	53	85	0.0
3902	53	86	0.0
3903	53	87	0.0
3904	53	88	3.0
3905	53	89	0.0
3906	53	90	0.0
3907	53	91	0.0
3908	53	92	0.0
3909	53	93	0.0
3910	53	94	0.0
3911	53	95	0.0
3912	53	96	0.0
3913	53	97	3.0
3914	53	98	6.0
3915	53	99	6.0
3916	54	55	0.0
3917	54	56	7.0
3918	54	57	7.0
3919	54	58	7.0
3920	54	59	7.0
3921	54	60	7.0
3922	54	61	7.0
3923	54	62	7.0
3924	54	63	4.0
3925	54	64	7.0
3926	54	65	7.0
3927	54	66	7.0
3928	54	67	7.0
3929	54	68	7.0
3930	54	69	7.0
3931	54	70	7.0
3932	54	71	7.0
3933	54	72	7.0
3934	54	73	7.0
3935	54	74	7.0
3936	54	75	7.0
3937	54	76	7.0
3938	54	77	7.0
3939	54	78	7.0
3940	54	79	7.0
3941	54	80	4.0
3942	54	81	7.0
3943	54	82	7.0
3944	54	83	7.0
3945	54	84	7.0
3946	54	85	7.0
3947	54	86	7.0
3948	54	87	7.0
3949	54	88	7.0
3950	54	89	7.0
3951	54	90	7.0
3952	54	91	7.0
3953	54	92	7.0
3954	54	93	7.0
3955	54	94	7.0
3956	54	95	7.0
3957	54	96	7.0
3958	54	97	7.0
3959	54	98	8.0
3960	54	99	8.0
3961	55	56	7.0
3962	55	57	7.0
3963	55	58	7.0
3964	55	59	7.0
3965	55	60	7.0
3966	55	61	7.0
3967	55	62	7.0
3968	55	63	4.0
3969	55	64	7.0
3970	55	65	7.0
3971	55	66	7.0
3972	55	67	7.0
3973	55	68	7.0
3974	55	69	7.0
3975	55	70	7.0
3976	55	71	7.0
3977	55	72	7.0
3978	55	73	7.0
3979	55	74	7.0
3980	55	75	7.0
3981	55	76	7.0
3982	55	77	7.0
3983	55	78	7.0
3984	55	79	7.0
3985	55	80	4.0
3986	55	81	7.0
3987	55	82	7.0
3988	55	83	7.0
3989	55	84	7.0
3990	55	85	7.0
3991	55	86	7.0
3992	55	87	7.0
3993	55	88	7.0
3994	55	89	7.0
3995	55	90	7.0
3996	55	91	7.0
3997	55	92	7.0
3998	55	93	7.0
3999	55	94	7.0
4000	55	95	7.0
4001	55	96	7.0
4002	55	97	7.0
4003	55	98	8.0
4004	55	99	8.0
4005	56	57	0.0
4006	56	58	0.0
4007	56	59	0.0
4008	56	60	0.0
4009	56	61	0.0
4010	56	62	0.0
4011	56	63	6.0
4012	56	64	0.0
4013	56	65	3.0
4014	56	66	0.0
4015	56	67	0.0
4016	56	68	0.0
4017	56	69	0.0
4018	56	70	0.0
4019	56	71	3.0
4020	56	72	0.0
4021	56	73	3.0
4022	56	74	3.0
4023	56	75	0.0
4024	56	76	0.0
4025	56	77	0.0
4026	56	78	0.0
4027	56	79	0.0
4028	56	80	6.0
4029	56	81	0.0
4030	56	82	3.0
4031	56	83	3.0
4032	56	84	0.0
4033	56	85	0.0
4034	56	86	0.0
4035	56	87	0.0
4036	56	88	3.0
4037	56	89	0.0
4038	56	90	0.0
4039	56	91	0.0
4040	56	92	0.0
4041	56	93	0.0
4042	56	94	0.0
4043	56	95	0.0
4044	56	96	0.0
4045	56	97	3.0
4046	56	98	6.0
4047	56	99	6.0
4048	57	58	0.0
4049	57	59	0.0
4050	57	60	0.0
4051	57	61	0.0
4052	57	62	0.0
4053	57	63	6.0
4054	57	64	0.0
4055	57	65	3.0
4056	57	66	0.0
4057	57	67	0.0
4058	57	68	0.0
4059	57	69	0.0
4060	57	70	0.0
4061	57	71	3.0
4062	57	72	0.0
4063	57	73	3.0
4064	57	74	3.0
4065	57	75	0.0
4066	57	76	0.0
4067	57	77	0.0
4068	57	78	0.0
4069	57	79	0.0
4070	57	80	6.0
4071	57	81	0.0
4072	57	82	3.0
4073	57	83	3.0
4074	57	84	0.0
4075	57	85	0.0
4076	57	86	0.0
4077	57	87	0.0
4078	57	88	3.0
4079	57	89	0.0
4080	57	90	0.0
4081	57	91	0.0
4082	57	92	0.0
4083	57	93	0.0
4084	57	94	0.0
4085	57	95	0.0
4086	57	96	0.0
4087	57	97	3.0
4088	57	98	6.0
4089	57	99	6.0
4090	58	59	0.0
4091	58	60	0.0
4092	58	61	0.0
4093	58	62	0.0
4094	58	63	6.0
4095	58	64	0.0
4096	58	65	3.0
4097	58	66	0.0
4098	58	67	0.0
4099	58	68	0.0
4100	58	69	0.0
4101	58	70	0.0
4102	58	71	3.0
4103	58	72	0.0
4104	58	73	3.0
4105	58	74	3.0
4106	58	75	0.0
4107	58	76	0.0
4108	58	77	0.0
4109	58	78	0.0
4110	58	79	0.0
4111	58	80	6.0
4112	58	81	0.0
4113	58	82	3.0
4114	58	83	3.0
4115	58	84	0.0
4116	58	85	0.0
4117	58	86	0.0
4118	58	87	0.0
4119	58	88	3.0
4120	58	89	0.0
4121	58	90	0.0
4122	58	91	0.0
4123	58	92	0.0
4124	58	93	0.0
4125	58	94	0.0
4126	58	95	0.0
4127	58	96	0.0
4128	58	97	3.0
4129	58	98	6.0
4130	58	99	6.0
4131	59	60	0.0
4132	59	61	0.0
4133	59	62	0.0
4134	59	63	6.0
4135	59	64	0.0
4136	59	65	3.0
4137	59	66	0.0
4138	59	67	0.0
4139	59	68	0.0
4140	59	69	0.0
4141	59	70	0.0
4142	59	71	3.0
4143	59	72	0.0
4144	59	73	3.0
4145	59	74	3.0
4146	59	75	0.0
4147	59	76	0.0
4148	59	77	0.0
4149	59	78	0.0
4150	59	79	0.0
4151	59	80	6.0
4152	59	81	0.0
4153	59	82	3.0
4154	59	83	3.0
4155	59	84	0.0
4156	59	85	0.0
4157	59	86	0.0
4158	59	87	0.0
4159	59	88	3.0
4160	59	89	0.0
4161	59	90	0.0
4162	59	91	0.0
4163	59	92	0.0
4164	59	93	0.0
4165	59	94	0.0
4166	59	95	0.0
4167	59	96	0.0
4168	59	97	3.0
4169	59	98	6.0
4170	59	99	6.0
4171	60	61	0.0
4172	60	62	0.0
4173	60	63	6.0
4174	60	64	0.0
4175	60	65	3.0
4176	60	66	0.0
4177	60	67	0.0
4178	60	68	0.0
4179	60	69	0.0
4180	60	70	0.0
4181	60	71	3.0
4182	60	72	0.0
4183	60	73	3.0
4184	60	74	3.0
4185	60	75	0.0
4186	60	76	0.0
4187	60	77	0.0
4188	60	78	0.0
4189	60	79	0.0
4190	60	80	6.0
4191	60	81	0.0
4192	60	82	3.0
4193	60	83	3.0
4194	60	84	0.0
4195	60	85	0.0
4196	60	86	0.0
4197	60	87	0.0
4198	60	88	3.0
4199	60	89	0.0
4200	60	90	0.0
4201	60	91	0.0
4202	60	92	0.0
4203	60	93	0.0
4204	60	94	0.0
4205	60	95	0.0
4206	60	96	0.0
4207	60	97	3.0
4208	60	98	6.0
4209	60	99	6.0
4210	61	62	0.0
4211	61	63	6.0
4212	61	64	0.0
4213	61	65	3.0
4214	61	66	0.0
4215	61	67	0.0
4216	61	68	0.0
4217	61	69	0.0
4218	61	70	0.0
4219	61	71	3.0
4220	61	72	0.0
4221	61	73	3.0
4222	61	74	3.0
4223	61	75	0.0
4224	61	76	0.0
4225	61	77	0.0
4226	61	78	0.0
4227	61	79	0.0
4228	61	80	6.0
4229	61	81	0.0
4230	61	82	3.0
4231	61	83	3.0
4232	61	84	0.0
4233	61	85	0.0
4234	61	86	0.0
4235	61	87	0.0
4236	61	88	3.0
4237	61	89	0.0
4238	61	90	0.0
4239	61	91	0.0
4240	61	92	0.0
4241	61	93	0.0
4242	61	94	0.0
4243	61	95	0.0
4244	61	96	0.0
4245	61	97	3.0
4246	61	98	6.0
4247	61	99	6.0
4248	62	63	6.0
4249	62	64	0.0
4250	62	65	3.0
4251	62	66	0.0
4252	62	67	0.0
4253	62	68	0.0
4254	62	69	0.0
4255	62	70	0.0
4256	62	71	3.0
4257	62	72	0.0
4258	62	73	3.0
4259	62	74	3.0
4260	62	75	0.0
4261	62	76	0.0
4262	62	77	0.0
4263	62	78	0.0
4264	62	79	0.0
4265	62	80	6.0
4266	62	81	0.0
4267	62	82	3.0
4268	62	83	3.0
4269	62	84	0.0
4270	62	85	0.0
4271	62	86	0.0
4272	62	87	0.0
4273	62	88	3.0
4274	62	89	0.0
4275	62	90	0.0
4276	62	91	0.0
4277	62	92	0.0
4278	62	93	0.0
4279	62	94	0.0
4280	62	95	0.0
4281	62	96	0.0
4282	62	97	3.0
4283	62	98	6.0
4284	62	99	6.0
4285	63	64	6.0
4286	63	65	7.0
4287	63	66	6.0
4288	63	67	6.0
4289	63	68	6.0
4290	63	69	6.0
4291	63	70	6.0
4292	63	71	7.0
4293	63	72	6.0
4294	63	73	7.0
4295	63	74	7.0
4296	63	75	6.0
4297	63	76	6.0
4298	63	77	6.0
4299	63	78	6.0
4300	63	79	6.0
4301	63	80	0.0
4302	63	81	6.0
4303	63	82	7.0
4304	63	83	7.0
4305	63	84	6.0
4306	63	85	6.0
4307	63	86	6.0
4308	63	87	6.0
4309	63	88	7.0
4310	63	89	6.0
4311	63	90	6.0
4312	63	91	6.0
4313	63	92	6.0
4314	63	93	6.0
4315	63	94	6.0
4316	63	95	6.0
4317	63	96	6.0
4318	63	97	7.0
4319	63	98	9.0
4320	63	99	9.0
4321	64	65	3.0
4322	64	66	0.0
4323	64	67	0.0
4324	64	68	0.0
4325	64	69	0.0
4326	64	70	0.0
4327	64	71	3.0
4328	64	72	0.0
4329	64	73	3.0
4330	64	74	3.0
4331	64	75	0.0
4332	64	76	0.0
4333	64	77	0.0
4334	64	78	0.0
4335	64	79	0.0
4336	64	80	6.0
4337	64	81	0.0
4338	64	82	3.0
4339	64	83	3.0
4340	64	84	0.0
4341	64	85	0.0
4342	64	86	0.0
4343	64	87	0.0
4344	64	88	3.0
4345	64	89	0.0
4346	64	90	0.0
4347	64	91	0.0
4348	64	92	0.0
4349	64	93	0.0
4350	64	94	0.0
4351	64	95	0.0
4352	64	96	0.0
4353	64	97	3.0
4354	64	98	6.0
4355	64	99	6.0
4356	65	66	3.0
4357	65	67	3.0
4358	65	68	3.0
4359	65	69	3.0
4360	65	70	3.0
4361	65	71	0.0
4362	65	72	3.0
4363	65	73	0.0
4364	65	74	0.0
4365	65	75	3.0
4366	65	76	3.0
4367	65	77	3.0
4368	65	78	3.0
4369	65	79	3.0
4370	65	80	7.0
4371	65	81	3.0
4372	65	82	0.0
4373	65	83	0.0
4374	65	84	3.0
4375	65	85	3.0
4376	65	86	3.0
4377	65	87	3.0
4378	65	88	0.0
4379	65	89	3.0
4380	65	90	3.0
4381	65	91	3.0
4382	65	92	3.0
4383	65	93	3.0
4384	65	94	3.0
4385	65	95	3.0
4386	65	96	3.0
4387	65	97	0.0
4388	65	98	3.0
4389	65	99	3.0
4390	66	67	0.0
4391	66	68	0.0
4392	66	69	0.0
4393	66	70	0.0
4394	66	71	3.0
4395	66	72	0.0
4396	66	73	3.0
4397	66	74	3.0
4398	66	75	0.0
4399	66	76	0.0
4400	66	77	0.0
4401	66	78	0.0
4402	66	79	0.0
4403	66	80	6.0
4404	66	81	0.0
4405	66	82	3.0
4406	66	83	3.0
4407	66	84	0.0
4408	66	85	0.0
4409	66	86	0.0
4410	66	87	0.0
4411	66	88	3.0
4412	66	89	0.0
4413	66	90	0.0
4414	66	91	0.0
4415	66	92	0.0
4416	66	93	0.0
4417	66	94	0.0
4418	66	95	0.0
4419	66	96	0.0
4420	66	97	3.0
4421	66	98	6.0
4422	66	99	6.0
4423	67	68	0.0
4424	67	69	0.0
4425	67	70	0.0
4426	67	71	3.0
4427	67	72	0.0
4428	67	73	3.0
4429	67	74	3.0
4430	67	75	0.0
4431	67	76	0.0
4432	67	77	0.0
4433	67	78	0.0
4434	67	79	0.0
4435	67	80	6.0
4436	67	81	0.0
4437	67	82	3.0
4438	67	83	3.0
4439	67	84	0.0
4440	67	85	0.0
4441	67	86	0.0
4442	67	87	0.0
4443	67	88	3.0
4444	67	89	0.0
4445	67	90	0.0
4446	67	91	0.0
4447	67	92	0.0
4448	67	93	0.0
4449	67	94	0.0
4450	67	95	0.0
4451	67	96	0.0
4452	67	97	3.0
4453	67	98	6.0
4454	67	99	6.0
4455	68	69	0.0
4456	68	70	0.0
4457	68	71	3.0
4458	68	72	0.0
4459	68	73	3.0
4460	68	74	3.0
4461	68	75	0.0
4462	68	76	0.0
4463	68	77	0.0
4464	68	78	0.0
4465	68	79	0.0
4466	68	80	6.0
4467	68	81	0.0
4468	68	82	3.0
4469	68	83	3.0
4470	68	84	0.0
4471	68	85	0.0
4472	68	86	0.0
4473	68	87	0.0
4474	68	88	3.0
4475	68	89	0.0
4476	68	90	0.0
4477	68	91	0.0
4478	68	92	0.0
4479	68	93	0.0
4480	68	94	0.0
4481	68	95	0.0
4482	68	96	0.0
4483	68	97	3.0
4484	68	98	6.0
4485	68	99	6.0
4486	69	70	0.0
4487	69	71	3.0
4488	69	72	0.0
4489	69	73	3.0
4490	69	74	3.0
4491	69	75	0.0
4492	69	76	0.0
4493	69	77	0.0
4494	69	78	0.0
4495	69	79	0.0
4496	69	80	6.0
4497	69	81	0.0
4498	69	82	3.0
4499	69	83	3.0
4500	69	84	0.0
4501	69	85	0.0
4502	69	86	0.0
4503	69	87	0.0
4504	69	88	3.0
4505	69	89	0.0
4506	69	90	0.0
4507	69	91	0.0
4508	69	92	0.0
4509	69	93	0.0
4510	69	94	0.0
4511	69	95	0.0
4512	69	96	0.0
4513	69	97	3.0
4514	69	98	6.0
4515	69	99	6.0
4516	70	71	3.0
4517	70	72	0.0
4518	70	73	3.0
4519	70	74	3.0
4520	70	75	0.0
4521	70	76	0.0
4522	70	77	0.0
4523	70	78	0.0
4524	70	79	0.0
4525	70	80	6.0
4526	70	81	0.0
4527	70	82	3.0
4528	70	83	3.0
4529	70	84	0.0
4530	70	85	0.0
4531	70	86	0.0
4532	70	87	0.0
4533	70	88	3.0
4534	70	89	0.0
4535	70	90	0.0
4536	70	91	0.0
4537	70	92	0.0
4538	70	93	0.0
4539	70	94	0.0
4540	70	95	0.0
4541	70	96	0.0
4542	70	97	3.0
4543	70	98	6.0
4544	70	99	6.0
4545	71	72	3.0
4546	71	73	0.0
4547	71	74	0.0
4548	71	75	3.0
4549	71	76	3.0
4550	71	77	3.0
4551	71	78	3.0
4552	71	79	3.0
4553	71	80	7.0
4554	71	81	3.0
4555	71	82	0.0
4556	71	83	0.0
4557	71	84	3.0
4558	71	85	3.0
4559	71	86	3.0
4560	71	87	3.0
4561	71	88	0.0
4562	71	89	3.0
4563	71	90	3.0
4564	71	91	3.0
4565	71	92	3.0
4566	71	93	3.0
4567	71	94	3.0
4568	71	95	3.0
4569	71	96	3.0
4570	71	97	0.0
4571	71	98	3.0
4572	71	99	3.0
4573	72	73	3.0
4574	72	74	3.0
4575	72	75	0.0
4576	72	76	0.0
4577	72	77	0.0
4578	72	78	0.0
4579	72	79	0.0
4580	72	80	6.0
4581	72	81	0.0
4582	72	82	3.0
4583	72	83	3.0
4584	72	84	0.0
4585	72	85	0.0
4586	72	86	0.0
4587	72	87	0.0
4588	72	88	3.0
4589	72	89	0.0
4590	72	90	0.0
4591	72	91	0.0
4592	72	92	0.0
4593	72	93	0.0
4594	72	94	0.0
4595	72	95	0.0
4596	72	96	0.0
4597	72	97	3.0
4598	72	98	6.0
4599	72	99	6.0
4600	73	74	0.0
4601	73	75	3.0
4602	73	76	3.0
4603	73	77	3.0
4604	73	78	3.0
4605	73	79	3.0
4606	73	80	7.0
4607	73	81	3.0
4608	73	82	0.0
4609	73	83	0.0
4610	73	84	3.0
4611	73	85	3.0
4612	73	86	3.0
4613	73	87	3.0
4614	73	88	0.0
4615	73	89	3.0
4616	73	90	3.0
4617	73	91	3.0
4618	73	92	3.0
4619	73	93	3.0
4620	73	94	3.0
4621	73	95	3.0
4622	73	96	3.0
4623	73	97	0.0
4624	73	98	3.0
4625	73	99	3.0
4626	74	75	3.0
4627	74	76	3.0
4628	74	77	3.0
4629	74	78	3.0
4630	74	79	3.0
4631	74	80	7.0
4632	74	81	3.0
4633	74	82	0.0
4634	74	83	0.0
4635	74	84	3.0
4636	74	85	3.0
4637	74	86	3.0
4638	74	87	3.0
4639	74	88	0.0
4640	74	89	3.0
4641	74	90	3.0
4642	74	91	3.0
4643	74	92	3.0
4644	74	93	3.0
4645	74	94	3.0
4646	74	95	3.0
4647	74	96	3.0
4648	74	97	0.0
4649	74	98	3.0
4650	74	99	3.0
4651	75	76	0.0
4652	75	77	0.0
4653	75	78	0.0
4654	75	79	0.0
4655	75	80	6.0
4656	75	81	0.0
4657	75	82	3.0
4658	75	83	3.0
4659	75	84	0.0
4660	75	85	0.0
4661	75	86	0.0
4662	75	87	0.0
4663	75	88	3.0
4664	75	89	0.0
4665	75	90	0.0
4666	75	91	0.0
4667	75	92	0.0
4668	75	93	0.0
4669	75	94	0.0
4670	75	95	0.0
4671	75	96	0.0
4672	75	97	3.0
4673	75	98	6.0
4674	75	99	6.0
4675	76	77	0.0
4676	76	78	0.0
4677	76	79	0.0
4678	76	80	6.0
4679	76	81	0.0
4680	76	82	3.0
4681	76	83	3.0
4682	76	84	0.0
4683	76	85	0.0
4684	76	86	0.0
4685	76	87	0.0
4686	76	88	3.0
4687	76	89	0.0
4688	76	90	0.0
4689	76	91	0.0
4690	76	92	0.0
4691	76	93	0.0
4692	76	94	0.0
4693	76	95	0.0
4694	76	96	0.0
4695	76	97	3.0
4696	76	98	6.0
4697	76	99	6.0
4698	77	78	0.0
4699	77	79	0.0
4700	77	80	6.0
4701	77	81	0.0
4702	77	82	3.0
4703	77	83	3.0
4704	77	84	0.0
4705	77	85	0.0
4706	77	86	0.0
4707	77	87	0.0
4708	77	88	3.0
4709	77	89	0.0
4710	77	90	0.0
4711	77	91	0.0
4712	77	92	0.0
4713	77	93	0.0
4714	77	94	0.0
4715	77	95	0.0
4716	77	96	0.0
4717	77	97	3.0
4718	77	98	6.0
4719	77	99	6.0
4720	78	79	0.0
4721	78	80	6.0
4722	78	81	0.0
4723	78	82	3.0
4724	78	83	3.0
4725	78	84	0.0
4726	78	85	0.0
4727	78	86	0.0
4728	78	87	0.0
4729	78	88	3.0
4730	78	89	0.0
4731	78	90	0.0
4732	78	91	0.0
4733	78	92	0.0
4734	78	93	0.0
4735	78	94	0.0
4736	78	95	0.0
4737	78	96	0.0
4738	78	97	3.0
4739	78	98	6.0
4740	78	99	6.0
4741	79	80	6.0
4742	79	81	0.0
4743	79	82	3.0
4744	79	83	3.0
4745	79	84	0.0
4746	79	85	0.0
4747	79	86	0.0
4748	79	87	0.0
4749	79	88	3.0
4750	79	89	0.0
4751	79	90	0.0
4752	79	91	0.0
4753	79	92	0.0
4754	79	93	0.0
4755	79	94	0.0
4756	79	95	0.0
4757	79	96	0.0
4758	79	97	3.0
4759	79	98	6.0
4760	79	99	6.0
4761	80	81	6.0
4762	80	82	7.0
4763	80	83	7.0
4764	80	84	6.0
4765	80	85	6.0
4766	80	86	6.0
4767	80	87	6.0
4768	80	88	7.0
4769	80	89	6.0
4770	80	90	6.0
4771	80	91	6.0
4772	80	92	6.0
4773	80	93	6.0
4774	80	94	6.0
4775	80	95	6.0
4776	80	96	6.0
4777	80	97	7.0
4778	80	98	9.0
4779	80	99	9.0
4780	81	82	3.0
4781	81	83	3.0
4782	81	84	0.0
4783	81	85	0.0
4784	81	86	0.0
4785	81	87	0.0
4786	81	88	3.0
4787	81	89	0.0
4788	81	90	0.0
4789	81	91	0.0
4790	81	92	0.0
4791	81	93	0.0
4792	81	94	0.0
4793	81	95	0.0
4794	81	96	0.0
4795	81	97	3.0
4796	81	98	6.0
4797	81	99	6.0
4798	82	83	0.0
4799	82	84	3.0
4800	82	85	3.0
4801	82	86	3.0
4802	82	87	3.0
4803	82	88	0.0
4804	82	89	3.0
4805	82	90	3.0
4806	82	91	3.0
4807	82	92	3.0
4808	82	93	3.0
4809	82	94	3.0
4810	82	95	3.0
4811	82	96	3.0
4812	82	97	0.0
4813	82	98	3.0
4814	82	99	3.0
4815	83	84	3.0
4816	83	85	3.0
4817	83	86	3.0
4818	83	87	3.0
4819	83	88	0.0
4820	83	89	3.0
4821	83	90	3.0
4822	83	91	3.0
4823	83	92	3.0
4824	83	93	3.0
4825	83	94	3.0
4826	83	95	3.0
4827	83	96	3.0
4828	83	97	0.0
4829	83	98	3.0
4830	83	99	3.0
4831	84	85	0.0
4832	84	86	0.0
4833	84	87	0.0
4834	84	88	3.0
4835	84	89	0.0
4836	84	90	0.0
4837	84	91	0.0
4838	84	92	0.0
4839	84	93	0.0
4840	84	94	0.0
4841	84	95	0.0
4842	84	96	0.0
4843	84	97	3.0
4844	84	98	6.0
4845	84	99	6.0
4846	85	86	0.0
4847	85	87	0.0
4848	85	88	3.0
4849	85	89	0.0
4850	85	90	0.0
4851	85	91	0.0
4852	85	92	0.0
4853	85	93	0.0
4854	85	94	0.0
4855	85	95	0.0
4856	85	96	0.0
4857	85	97	3.0
4858	85	98	6.0
4859	85	99	6.0
4860	86	87	0.0
4861	86	88	3.0
4862	86	89	0.0
4863	86	90	0.0
4864	86	91	0.0
4865	86	92	0.0
4866	86	93	0.0
4867	86	94	0.0
4868	86	95	0.0
4869	86	96	0.0
4870	86	97	3.0
4871	86	98	6.0
4872	86	99	6.0
4873	87	88	3.0
4874	87	89	0.0
4875	87	90	0.0
4876	87	91	0.0
4877	87	92	0.0
4878	87	93	0.0
4879	87	94	0.0
4880	87	95	0.0
4881	87	96	0.0
4882	87	97	3.0
4883	87	98	6.0
4884	87	99	6.0
4885	88	89	3.0
4886	88	90	3.0
4887	88	91	3.0
4888	88	92	3.0
4889	88	93	3.0
4890	88	94	3.0
4891	88	95	3.0
4892	88	96	3.0
4893	88	97	0.0
4894	88	98	3.0
4895	88	99	3.0
4896	89	90	0.0
4897	89	91	0.0
4898	89	92	0.0
4899	89	93	0.0
4900	89	94	0.0
4901	89	95	0.0
4902	89	96	0.0
4903	89	97	3.0
4904	89	98	6.0
4905	89	99	6.0
4906	90	91	0.0
4907	90	92	0.0
4908	90	93	0.0
4909	90	94	0.0
4910	90	95	0.0
4911	90	96	0.0
4912	90	97	3.0
4913	90	98	6.0
4914	90	99	6.0
4915	91	92	0.0
4916	91	93	0.0
4917	91	94	0.0
4918	91	95	0.0
4919	91	96	0.0
4920	91	97	3.0
4921	91	98	6.0
4922	91	99	6.0
4923	92	93	0.0
4924	92	94	0.0
4925	92	95	0.0
4926	92	96	0.0
4927	92	97	3.0
4928	92	98	6.0
4929	92	99	6.0
4930	93	94	0.0
4931	93	95	0.0
4932	93	96	0.0
4933	93	97	3.0
4934	93	98	6.0
4935	93	99	6.0
4936	94	95	0.0
4937	94	96	0.0
4938	94	97	3.0
4939	94	98	6.0
4940	94	99	6.0
4941	95	96	0.0
4942	95	97	3.0
4943	95	98	6.0
4944	95	99	6.0
4945	96	97	3.0
4946	96	98	6.0
4947	96	99	6.0
4948	97	98	3.0
4949	97	99	3.0
4950	98	99	0.0
---------
Summary:
Name	Avg	Std	Min	Max	Count
MatchingSplit	5.538989898989899	6.751071369513257	0.0	45.0	4950
