state	MatchingSplit (avg)	MatchingSplit (stddev)
1	24.9000	14.8287
2	7.0000	2.5298
3	4.4000	2.2450
4	6.8000	4.8744
5	8.4000	4.2237
6	4.2000	3.4293
7	0.0000	0.0000
8	5.2000	2.6382
9	5.4000	3.6661
10	3.6000	2.9394
11	3.7000	2.9343
12	2.8000	3.4293
13	2.4000	2.9394
14	1.2000	1.4697
15	1.8000	1.4697
16	0.0000	0.0000
17	3.8000	2.4819
18	1.2000	1.4697
19	0.0000	0.0000
20	3.6000	2.2450
---------
Summary:
Name	Avg	Std	Min	Max	Count
MatchingSplit	4.52	5.216186346364555	0.0	24.9	20
